2026-04-07 16:19:26,703 | INFO | Pipeline run started.
2026-04-07 16:19:26,833 | INFO | Starting database insert process.
2026-04-07 16:19:26,877 | INFO | 100 rows inserted into price_history.
2026-04-07 16:19:26,877 | INFO | 100 rows upserted into latest_prices.
2026-04-07 16:19:26,877 | INFO | Database connection closed after insert process.
2026-04-07 16:19:26,879 | INFO | Starting archive process for rows older than 1440 minutes.
2026-04-07 16:19:26,879 | INFO | 0 rows moved to price_history_archive.
2026-04-07 16:19:26,879 | INFO | 0 rows deleted from price_history.
2026-04-07 16:19:26,879 | INFO | Database connection closed after archive process.
2026-04-07 16:19:26,879 | INFO | Pipeline run completed successfully.
2026-04-07 16:20:19,550 | INFO | Pipeline run started.
2026-04-07 16:20:19,788 | INFO | Starting database insert process.
2026-04-07 16:20:19,820 | INFO | 0 rows inserted into price_history.
2026-04-07 16:20:19,820 | INFO | 100 rows upserted into latest_prices.
2026-04-07 16:20:19,820 | INFO | Database connection closed after insert process.
2026-04-07 16:20:19,823 | INFO | Starting archive process for rows older than 1440 minutes.
2026-04-07 16:20:19,823 | INFO | 0 rows moved to price_history_archive.
2026-04-07 16:20:19,823 | INFO | 0 rows deleted from price_history.
2026-04-07 16:20:19,824 | INFO | Database connection closed after archive process.
2026-04-07 16:20:19,824 | INFO | Pipeline run completed successfully.
