2026-04-08 07:40:32,112 | INFO | Pipeline run started.
2026-04-08 07:40:35,509 | INFO | Fetched 100 rows from CoinGecko API.
2026-04-08 07:40:35,509 | INFO | Fetched data preview:
2026-04-08 07:40:35,521 | INFO | 
  symbol      name  ...  price_change_24h  price_change_percentage_24h
0    BTC   Bitcoin  ...       3028.710000                      4.41098
1    ETH  Ethereum  ...        135.730000                      6.44873
2   USDT    Tether  ...         -0.000065                     -0.00647
3    XRP       XRP  ...          0.071110                      5.41773
4    BNB       BNB  ...         18.340000                      3.06739

[5 rows x 7 columns]
2026-04-08 07:40:35,538 | INFO | Starting database insert process.
2026-04-08 07:40:35,589 | INFO | 100 rows inserted into price_history.
2026-04-08 07:40:35,589 | INFO | 100 rows upserted into latest_prices.
2026-04-08 07:40:35,589 | INFO | Database connection closed after insert process.
2026-04-08 07:40:35,592 | INFO | Starting archive process for rows older than 1440 minutes.
2026-04-08 07:40:35,601 | INFO | 0 rows moved to price_history_archive.
2026-04-08 07:40:35,601 | INFO | 0 rows deleted from price_history.
2026-04-08 07:40:35,601 | INFO | Database connection closed after archive process.
2026-04-08 07:40:35,601 | INFO | Pipeline run completed successfully.
2026-04-08 07:45:36,110 | INFO | Pipeline run started.
2026-04-08 07:45:39,505 | INFO | Fetched 100 rows from CoinGecko API.
2026-04-08 07:45:39,505 | INFO | Fetched data preview:
2026-04-08 07:45:39,518 | INFO | 
  symbol      name  ...  price_change_24h  price_change_percentage_24h
0    BTC   Bitcoin  ...       3034.310000                      4.41973
1    ETH  Ethereum  ...        135.590000                      6.44258
2   USDT    Tether  ...         -0.000079                     -0.00791
3    XRP       XRP  ...          0.070606                      5.38172
4    BNB       BNB  ...         18.230000                      3.05112

[5 rows x 7 columns]
2026-04-08 07:45:39,572 | INFO | Starting database insert process.
2026-04-08 07:45:39,636 | INFO | 100 rows inserted into price_history.
2026-04-08 07:45:39,636 | INFO | 100 rows upserted into latest_prices.
2026-04-08 07:45:39,636 | INFO | Database connection closed after insert process.
2026-04-08 07:45:39,639 | INFO | Starting archive process for rows older than 1440 minutes.
2026-04-08 07:45:39,646 | INFO | 0 rows moved to price_history_archive.
2026-04-08 07:45:39,646 | INFO | 0 rows deleted from price_history.
2026-04-08 07:45:39,646 | INFO | Database connection closed after archive process.
2026-04-08 07:45:39,646 | INFO | Pipeline run completed successfully.
2026-04-08 07:50:40,127 | INFO | Pipeline run started.
2026-04-08 07:50:40,362 | INFO | Fetched 100 rows from CoinGecko API.
2026-04-08 07:50:40,362 | INFO | Fetched data preview:
2026-04-08 07:50:40,372 | INFO | 
  symbol      name  ...  price_change_24h  price_change_percentage_24h
0    BTC   Bitcoin  ...       3041.600000                      4.43042
1    ETH  Ethereum  ...        134.850000                      6.40695
2   USDT    Tether  ...         -0.000072                     -0.00721
3    XRP       XRP  ...          0.071545                      5.45538
4    BNB       BNB  ...         18.260000                      3.05582

[5 rows x 7 columns]
2026-04-08 07:50:40,387 | INFO | Starting database insert process.
2026-04-08 07:50:40,435 | INFO | 100 rows inserted into price_history.
2026-04-08 07:50:40,435 | INFO | 100 rows upserted into latest_prices.
2026-04-08 07:50:40,435 | INFO | Database connection closed after insert process.
2026-04-08 07:50:40,438 | INFO | Starting archive process for rows older than 1440 minutes.
2026-04-08 07:50:40,446 | INFO | 0 rows moved to price_history_archive.
2026-04-08 07:50:40,446 | INFO | 0 rows deleted from price_history.
2026-04-08 07:50:40,446 | INFO | Database connection closed after archive process.
2026-04-08 07:50:40,446 | INFO | Pipeline run completed successfully.
2026-04-08 07:55:40,919 | INFO | Pipeline run started.
2026-04-08 07:55:41,201 | INFO | Fetched 100 rows from CoinGecko API.
2026-04-08 07:55:41,201 | INFO | Fetched data preview:
2026-04-08 07:55:41,212 | INFO | 
  symbol      name  ...  price_change_24h  price_change_percentage_24h
0    BTC   Bitcoin  ...       3140.400000                      4.57655
1    ETH  Ethereum  ...        137.960000                      6.55496
2   USDT    Tether  ...         -0.000055                     -0.00547
3    XRP       XRP  ...          0.075343                      5.74785
4    BNB       BNB  ...         18.880000                      3.16012

[5 rows x 7 columns]
2026-04-08 07:55:41,227 | INFO | Starting database insert process.
2026-04-08 07:55:41,277 | INFO | 100 rows inserted into price_history.
2026-04-08 07:55:41,277 | INFO | 100 rows upserted into latest_prices.
2026-04-08 07:55:41,277 | INFO | Database connection closed after insert process.
2026-04-08 07:55:41,280 | INFO | Starting archive process for rows older than 1440 minutes.
2026-04-08 07:55:41,289 | INFO | 0 rows moved to price_history_archive.
2026-04-08 07:55:41,289 | INFO | 0 rows deleted from price_history.
2026-04-08 07:55:41,289 | INFO | Database connection closed after archive process.
2026-04-08 07:55:41,289 | INFO | Pipeline run completed successfully.
2026-04-08 10:15:41,994 | INFO | Pipeline run started.
2026-04-08 10:15:45,286 | INFO | Fetched 100 rows from CoinGecko API.
2026-04-08 10:15:45,286 | INFO | Fetched data preview:
2026-04-08 10:15:45,295 | INFO | 
  symbol      name  ...  price_change_24h  price_change_percentage_24h
0    BTC   Bitcoin  ...       2978.920000                      4.33482
1    ETH  Ethereum  ...        145.790000                      6.91505
2   USDT    Tether  ...         -0.000010                     -0.00099
3    XRP       XRP  ...          0.068533                      5.22008
4    BNB       BNB  ...         12.220000                      2.03355

[5 rows x 7 columns]
2026-04-08 10:15:45,309 | INFO | Starting database insert process.
2026-04-08 10:15:45,359 | INFO | 100 rows inserted into price_history.
2026-04-08 10:15:45,359 | INFO | 100 rows upserted into latest_prices.
2026-04-08 10:15:45,360 | INFO | Database connection closed after insert process.
2026-04-08 10:15:45,362 | INFO | Starting archive process for rows older than 1440 minutes.
2026-04-08 10:15:45,370 | INFO | 0 rows moved to price_history_archive.
2026-04-08 10:15:45,370 | INFO | 0 rows deleted from price_history.
2026-04-08 10:15:45,370 | INFO | Database connection closed after archive process.
2026-04-08 10:15:45,370 | INFO | Pipeline run completed successfully.
2026-04-08 12:19:24,658 | INFO | Pipeline run started.
2026-04-08 12:19:25,139 | INFO | Fetched 100 rows from CoinGecko API.
2026-04-08 12:19:25,140 | INFO | Fetched data preview:
2026-04-08 12:19:25,149 | INFO | 
  symbol      name  ...  price_change_24h  price_change_percentage_24h
0    BTC   Bitcoin  ...       2696.170000                      3.91231
1    ETH  Ethereum  ...        129.640000                      6.11988
2   USDT    Tether  ...         -0.000077                     -0.00769
3    XRP       XRP  ...          0.064775                      4.91754
4    BNB       BNB  ...          8.990000                      1.49073

[5 rows x 7 columns]
2026-04-08 12:19:25,164 | INFO | Starting database insert process.
2026-04-08 12:19:25,211 | INFO | 100 rows inserted into price_history.
2026-04-08 12:19:25,211 | INFO | 100 rows upserted into latest_prices.
2026-04-08 12:19:25,212 | INFO | Database connection closed after insert process.
2026-04-08 12:19:25,215 | INFO | Starting archive process for rows older than 1440 minutes.
2026-04-08 12:19:25,224 | INFO | 0 rows moved to price_history_archive.
2026-04-08 12:19:25,224 | INFO | 0 rows deleted from price_history.
2026-04-08 12:19:25,224 | INFO | Database connection closed after archive process.
2026-04-08 12:19:25,224 | INFO | Pipeline run completed successfully.
2026-04-08 12:30:22,896 | INFO | Pipeline run started.
2026-04-08 12:30:23,137 | INFO | Fetched 100 rows from CoinGecko API.
2026-04-08 12:30:23,137 | INFO | Fetched data preview:
2026-04-08 12:30:23,149 | INFO | 
  symbol      name  ...  price_change_24h  price_change_percentage_24h
0    BTC   Bitcoin  ...       2918.180000                      4.24645
1    ETH  Ethereum  ...        143.420000                      6.80872
2   USDT    Tether  ...         -0.000105                     -0.01045
3    XRP       XRP  ...          0.067723                      5.15360
4    BNB       BNB  ...         11.170000                      1.85654

[5 rows x 7 columns]
2026-04-08 12:30:23,165 | INFO | Starting database insert process.
2026-04-08 12:30:23,215 | INFO | 100 rows inserted into price_history.
2026-04-08 12:30:23,215 | INFO | 100 rows upserted into latest_prices.
2026-04-08 12:30:23,215 | INFO | Database connection closed after insert process.
2026-04-08 12:30:23,217 | INFO | Starting archive process for rows older than 1440 minutes.
2026-04-08 12:30:23,226 | INFO | 0 rows moved to price_history_archive.
2026-04-08 12:30:23,226 | INFO | 0 rows deleted from price_history.
2026-04-08 12:30:23,226 | INFO | Database connection closed after archive process.
2026-04-08 12:30:23,226 | INFO | Pipeline run completed successfully.
2026-04-08 13:37:12,829 | INFO | Pipeline run started.
2026-04-08 13:37:12,831 | ERROR | Pipeline run failed: HTTPSConnectionPool(host='api.coingecko.com', port=443): Max retries exceeded with url: /api/v3/coins/markets?vs_currency=usd&order=market_cap_desc&per_page=100&page=1&sparkline=false (Caused by NameResolutionError("HTTPSConnection(host='api.coingecko.com', port=443): Failed to resolve 'api.coingecko.com' ([Errno 8] nodename nor servname provided, or not known)"))
Traceback (most recent call last):
  File "/Users/alpertuncortak/Desktop/crypto-data-pipeline/.venv/lib/python3.13/site-packages/urllib3/connection.py", line 204, in _new_conn
    sock = connection.create_connection(
        (self._dns_host, self.port),
    ...<2 lines>...
        socket_options=self.socket_options,
    )
  File "/Users/alpertuncortak/Desktop/crypto-data-pipeline/.venv/lib/python3.13/site-packages/urllib3/util/connection.py", line 60, in create_connection
    for res in socket.getaddrinfo(host, port, family, socket.SOCK_STREAM):
               ~~~~~~~~~~~~~~~~~~^^^^^^^^^^^^^^^^^^^^^^^^^^^^^^^^^^^^^^^^
  File "/Library/Frameworks/Python.framework/Versions/3.13/lib/python3.13/socket.py", line 977, in getaddrinfo
    for res in _socket.getaddrinfo(host, port, family, type, proto, flags):
               ~~~~~~~~~~~~~~~~~~~^^^^^^^^^^^^^^^^^^^^^^^^^^^^^^^^^^^^^^^^
socket.gaierror: [Errno 8] nodename nor servname provided, or not known

The above exception was the direct cause of the following exception:

Traceback (most recent call last):
  File "/Users/alpertuncortak/Desktop/crypto-data-pipeline/.venv/lib/python3.13/site-packages/urllib3/connectionpool.py", line 787, in urlopen
    response = self._make_request(
        conn,
    ...<10 lines>...
        **response_kw,
    )
  File "/Users/alpertuncortak/Desktop/crypto-data-pipeline/.venv/lib/python3.13/site-packages/urllib3/connectionpool.py", line 488, in _make_request
    raise new_e
  File "/Users/alpertuncortak/Desktop/crypto-data-pipeline/.venv/lib/python3.13/site-packages/urllib3/connectionpool.py", line 464, in _make_request
    self._validate_conn(conn)
    ~~~~~~~~~~~~~~~~~~~^^^^^^
  File "/Users/alpertuncortak/Desktop/crypto-data-pipeline/.venv/lib/python3.13/site-packages/urllib3/connectionpool.py", line 1093, in _validate_conn
    conn.connect()
    ~~~~~~~~~~~~^^
  File "/Users/alpertuncortak/Desktop/crypto-data-pipeline/.venv/lib/python3.13/site-packages/urllib3/connection.py", line 759, in connect
    self.sock = sock = self._new_conn()
                       ~~~~~~~~~~~~~~^^
  File "/Users/alpertuncortak/Desktop/crypto-data-pipeline/.venv/lib/python3.13/site-packages/urllib3/connection.py", line 211, in _new_conn
    raise NameResolutionError(self.host, self, e) from e
urllib3.exceptions.NameResolutionError: HTTPSConnection(host='api.coingecko.com', port=443): Failed to resolve 'api.coingecko.com' ([Errno 8] nodename nor servname provided, or not known)

The above exception was the direct cause of the following exception:

Traceback (most recent call last):
  File "/Users/alpertuncortak/Desktop/crypto-data-pipeline/.venv/lib/python3.13/site-packages/requests/adapters.py", line 645, in send
    resp = conn.urlopen(
        method=request.method,
    ...<9 lines>...
        chunked=chunked,
    )
  File "/Users/alpertuncortak/Desktop/crypto-data-pipeline/.venv/lib/python3.13/site-packages/urllib3/connectionpool.py", line 841, in urlopen
    retries = retries.increment(
        method, url, error=new_e, _pool=self, _stacktrace=sys.exc_info()[2]
    )
  File "/Users/alpertuncortak/Desktop/crypto-data-pipeline/.venv/lib/python3.13/site-packages/urllib3/util/retry.py", line 535, in increment
    raise MaxRetryError(_pool, url, reason) from reason  # type: ignore[arg-type]
    ^^^^^^^^^^^^^^^^^^^^^^^^^^^^^^^^^^^^^^^^^^^^^^^^^^^
urllib3.exceptions.MaxRetryError: HTTPSConnectionPool(host='api.coingecko.com', port=443): Max retries exceeded with url: /api/v3/coins/markets?vs_currency=usd&order=market_cap_desc&per_page=100&page=1&sparkline=false (Caused by NameResolutionError("HTTPSConnection(host='api.coingecko.com', port=443): Failed to resolve 'api.coingecko.com' ([Errno 8] nodename nor servname provided, or not known)"))

During handling of the above exception, another exception occurred:

Traceback (most recent call last):
  File "/Users/alpertuncortak/Desktop/crypto-data-pipeline/src/main.py", line 13, in main
    df = fetch_crypto_data()
  File "/Users/alpertuncortak/Desktop/crypto-data-pipeline/src/fetch_data.py", line 18, in fetch_crypto_data
    response = requests.get(url, params=params, timeout=10)
  File "/Users/alpertuncortak/Desktop/crypto-data-pipeline/.venv/lib/python3.13/site-packages/requests/api.py", line 73, in get
    return request("get", url, params=params, **kwargs)
  File "/Users/alpertuncortak/Desktop/crypto-data-pipeline/.venv/lib/python3.13/site-packages/requests/api.py", line 59, in request
    return session.request(method=method, url=url, **kwargs)
           ~~~~~~~~~~~~~~~^^^^^^^^^^^^^^^^^^^^^^^^^^^^^^^^^^
  File "/Users/alpertuncortak/Desktop/crypto-data-pipeline/.venv/lib/python3.13/site-packages/requests/sessions.py", line 592, in request
    resp = self.send(prep, **send_kwargs)
  File "/Users/alpertuncortak/Desktop/crypto-data-pipeline/.venv/lib/python3.13/site-packages/requests/sessions.py", line 706, in send
    r = adapter.send(request, **kwargs)
  File "/Users/alpertuncortak/Desktop/crypto-data-pipeline/.venv/lib/python3.13/site-packages/requests/adapters.py", line 678, in send
    raise ConnectionError(e, request=request)
requests.exceptions.ConnectionError: HTTPSConnectionPool(host='api.coingecko.com', port=443): Max retries exceeded with url: /api/v3/coins/markets?vs_currency=usd&order=market_cap_desc&per_page=100&page=1&sparkline=false (Caused by NameResolutionError("HTTPSConnection(host='api.coingecko.com', port=443): Failed to resolve 'api.coingecko.com' ([Errno 8] nodename nor servname provided, or not known)"))
2026-04-08 13:42:13,167 | INFO | Pipeline run started.
2026-04-08 13:42:13,169 | ERROR | Pipeline run failed: HTTPSConnectionPool(host='api.coingecko.com', port=443): Max retries exceeded with url: /api/v3/coins/markets?vs_currency=usd&order=market_cap_desc&per_page=100&page=1&sparkline=false (Caused by NameResolutionError("HTTPSConnection(host='api.coingecko.com', port=443): Failed to resolve 'api.coingecko.com' ([Errno 8] nodename nor servname provided, or not known)"))
Traceback (most recent call last):
  File "/Users/alpertuncortak/Desktop/crypto-data-pipeline/.venv/lib/python3.13/site-packages/urllib3/connection.py", line 204, in _new_conn
    sock = connection.create_connection(
        (self._dns_host, self.port),
    ...<2 lines>...
        socket_options=self.socket_options,
    )
  File "/Users/alpertuncortak/Desktop/crypto-data-pipeline/.venv/lib/python3.13/site-packages/urllib3/util/connection.py", line 60, in create_connection
    for res in socket.getaddrinfo(host, port, family, socket.SOCK_STREAM):
               ~~~~~~~~~~~~~~~~~~^^^^^^^^^^^^^^^^^^^^^^^^^^^^^^^^^^^^^^^^
  File "/Library/Frameworks/Python.framework/Versions/3.13/lib/python3.13/socket.py", line 977, in getaddrinfo
    for res in _socket.getaddrinfo(host, port, family, type, proto, flags):
               ~~~~~~~~~~~~~~~~~~~^^^^^^^^^^^^^^^^^^^^^^^^^^^^^^^^^^^^^^^^
socket.gaierror: [Errno 8] nodename nor servname provided, or not known

The above exception was the direct cause of the following exception:

Traceback (most recent call last):
  File "/Users/alpertuncortak/Desktop/crypto-data-pipeline/.venv/lib/python3.13/site-packages/urllib3/connectionpool.py", line 787, in urlopen
    response = self._make_request(
        conn,
    ...<10 lines>...
        **response_kw,
    )
  File "/Users/alpertuncortak/Desktop/crypto-data-pipeline/.venv/lib/python3.13/site-packages/urllib3/connectionpool.py", line 488, in _make_request
    raise new_e
  File "/Users/alpertuncortak/Desktop/crypto-data-pipeline/.venv/lib/python3.13/site-packages/urllib3/connectionpool.py", line 464, in _make_request
    self._validate_conn(conn)
    ~~~~~~~~~~~~~~~~~~~^^^^^^
  File "/Users/alpertuncortak/Desktop/crypto-data-pipeline/.venv/lib/python3.13/site-packages/urllib3/connectionpool.py", line 1093, in _validate_conn
    conn.connect()
    ~~~~~~~~~~~~^^
  File "/Users/alpertuncortak/Desktop/crypto-data-pipeline/.venv/lib/python3.13/site-packages/urllib3/connection.py", line 759, in connect
    self.sock = sock = self._new_conn()
                       ~~~~~~~~~~~~~~^^
  File "/Users/alpertuncortak/Desktop/crypto-data-pipeline/.venv/lib/python3.13/site-packages/urllib3/connection.py", line 211, in _new_conn
    raise NameResolutionError(self.host, self, e) from e
urllib3.exceptions.NameResolutionError: HTTPSConnection(host='api.coingecko.com', port=443): Failed to resolve 'api.coingecko.com' ([Errno 8] nodename nor servname provided, or not known)

The above exception was the direct cause of the following exception:

Traceback (most recent call last):
  File "/Users/alpertuncortak/Desktop/crypto-data-pipeline/.venv/lib/python3.13/site-packages/requests/adapters.py", line 645, in send
    resp = conn.urlopen(
        method=request.method,
    ...<9 lines>...
        chunked=chunked,
    )
  File "/Users/alpertuncortak/Desktop/crypto-data-pipeline/.venv/lib/python3.13/site-packages/urllib3/connectionpool.py", line 841, in urlopen
    retries = retries.increment(
        method, url, error=new_e, _pool=self, _stacktrace=sys.exc_info()[2]
    )
  File "/Users/alpertuncortak/Desktop/crypto-data-pipeline/.venv/lib/python3.13/site-packages/urllib3/util/retry.py", line 535, in increment
    raise MaxRetryError(_pool, url, reason) from reason  # type: ignore[arg-type]
    ^^^^^^^^^^^^^^^^^^^^^^^^^^^^^^^^^^^^^^^^^^^^^^^^^^^
urllib3.exceptions.MaxRetryError: HTTPSConnectionPool(host='api.coingecko.com', port=443): Max retries exceeded with url: /api/v3/coins/markets?vs_currency=usd&order=market_cap_desc&per_page=100&page=1&sparkline=false (Caused by NameResolutionError("HTTPSConnection(host='api.coingecko.com', port=443): Failed to resolve 'api.coingecko.com' ([Errno 8] nodename nor servname provided, or not known)"))

During handling of the above exception, another exception occurred:

Traceback (most recent call last):
  File "/Users/alpertuncortak/Desktop/crypto-data-pipeline/src/main.py", line 13, in main
    df = fetch_crypto_data()
  File "/Users/alpertuncortak/Desktop/crypto-data-pipeline/src/fetch_data.py", line 18, in fetch_crypto_data
    response = requests.get(url, params=params, timeout=10)
  File "/Users/alpertuncortak/Desktop/crypto-data-pipeline/.venv/lib/python3.13/site-packages/requests/api.py", line 73, in get
    return request("get", url, params=params, **kwargs)
  File "/Users/alpertuncortak/Desktop/crypto-data-pipeline/.venv/lib/python3.13/site-packages/requests/api.py", line 59, in request
    return session.request(method=method, url=url, **kwargs)
           ~~~~~~~~~~~~~~~^^^^^^^^^^^^^^^^^^^^^^^^^^^^^^^^^^
  File "/Users/alpertuncortak/Desktop/crypto-data-pipeline/.venv/lib/python3.13/site-packages/requests/sessions.py", line 592, in request
    resp = self.send(prep, **send_kwargs)
  File "/Users/alpertuncortak/Desktop/crypto-data-pipeline/.venv/lib/python3.13/site-packages/requests/sessions.py", line 706, in send
    r = adapter.send(request, **kwargs)
  File "/Users/alpertuncortak/Desktop/crypto-data-pipeline/.venv/lib/python3.13/site-packages/requests/adapters.py", line 678, in send
    raise ConnectionError(e, request=request)
requests.exceptions.ConnectionError: HTTPSConnectionPool(host='api.coingecko.com', port=443): Max retries exceeded with url: /api/v3/coins/markets?vs_currency=usd&order=market_cap_desc&per_page=100&page=1&sparkline=false (Caused by NameResolutionError("HTTPSConnection(host='api.coingecko.com', port=443): Failed to resolve 'api.coingecko.com' ([Errno 8] nodename nor servname provided, or not known)"))
2026-04-08 13:47:13,504 | INFO | Pipeline run started.
2026-04-08 13:47:13,506 | ERROR | Pipeline run failed: HTTPSConnectionPool(host='api.coingecko.com', port=443): Max retries exceeded with url: /api/v3/coins/markets?vs_currency=usd&order=market_cap_desc&per_page=100&page=1&sparkline=false (Caused by NameResolutionError("HTTPSConnection(host='api.coingecko.com', port=443): Failed to resolve 'api.coingecko.com' ([Errno 8] nodename nor servname provided, or not known)"))
Traceback (most recent call last):
  File "/Users/alpertuncortak/Desktop/crypto-data-pipeline/.venv/lib/python3.13/site-packages/urllib3/connection.py", line 204, in _new_conn
    sock = connection.create_connection(
        (self._dns_host, self.port),
    ...<2 lines>...
        socket_options=self.socket_options,
    )
  File "/Users/alpertuncortak/Desktop/crypto-data-pipeline/.venv/lib/python3.13/site-packages/urllib3/util/connection.py", line 60, in create_connection
    for res in socket.getaddrinfo(host, port, family, socket.SOCK_STREAM):
               ~~~~~~~~~~~~~~~~~~^^^^^^^^^^^^^^^^^^^^^^^^^^^^^^^^^^^^^^^^
  File "/Library/Frameworks/Python.framework/Versions/3.13/lib/python3.13/socket.py", line 977, in getaddrinfo
    for res in _socket.getaddrinfo(host, port, family, type, proto, flags):
               ~~~~~~~~~~~~~~~~~~~^^^^^^^^^^^^^^^^^^^^^^^^^^^^^^^^^^^^^^^^
socket.gaierror: [Errno 8] nodename nor servname provided, or not known

The above exception was the direct cause of the following exception:

Traceback (most recent call last):
  File "/Users/alpertuncortak/Desktop/crypto-data-pipeline/.venv/lib/python3.13/site-packages/urllib3/connectionpool.py", line 787, in urlopen
    response = self._make_request(
        conn,
    ...<10 lines>...
        **response_kw,
    )
  File "/Users/alpertuncortak/Desktop/crypto-data-pipeline/.venv/lib/python3.13/site-packages/urllib3/connectionpool.py", line 488, in _make_request
    raise new_e
  File "/Users/alpertuncortak/Desktop/crypto-data-pipeline/.venv/lib/python3.13/site-packages/urllib3/connectionpool.py", line 464, in _make_request
    self._validate_conn(conn)
    ~~~~~~~~~~~~~~~~~~~^^^^^^
  File "/Users/alpertuncortak/Desktop/crypto-data-pipeline/.venv/lib/python3.13/site-packages/urllib3/connectionpool.py", line 1093, in _validate_conn
    conn.connect()
    ~~~~~~~~~~~~^^
  File "/Users/alpertuncortak/Desktop/crypto-data-pipeline/.venv/lib/python3.13/site-packages/urllib3/connection.py", line 759, in connect
    self.sock = sock = self._new_conn()
                       ~~~~~~~~~~~~~~^^
  File "/Users/alpertuncortak/Desktop/crypto-data-pipeline/.venv/lib/python3.13/site-packages/urllib3/connection.py", line 211, in _new_conn
    raise NameResolutionError(self.host, self, e) from e
urllib3.exceptions.NameResolutionError: HTTPSConnection(host='api.coingecko.com', port=443): Failed to resolve 'api.coingecko.com' ([Errno 8] nodename nor servname provided, or not known)

The above exception was the direct cause of the following exception:

Traceback (most recent call last):
  File "/Users/alpertuncortak/Desktop/crypto-data-pipeline/.venv/lib/python3.13/site-packages/requests/adapters.py", line 645, in send
    resp = conn.urlopen(
        method=request.method,
    ...<9 lines>...
        chunked=chunked,
    )
  File "/Users/alpertuncortak/Desktop/crypto-data-pipeline/.venv/lib/python3.13/site-packages/urllib3/connectionpool.py", line 841, in urlopen
    retries = retries.increment(
        method, url, error=new_e, _pool=self, _stacktrace=sys.exc_info()[2]
    )
  File "/Users/alpertuncortak/Desktop/crypto-data-pipeline/.venv/lib/python3.13/site-packages/urllib3/util/retry.py", line 535, in increment
    raise MaxRetryError(_pool, url, reason) from reason  # type: ignore[arg-type]
    ^^^^^^^^^^^^^^^^^^^^^^^^^^^^^^^^^^^^^^^^^^^^^^^^^^^
urllib3.exceptions.MaxRetryError: HTTPSConnectionPool(host='api.coingecko.com', port=443): Max retries exceeded with url: /api/v3/coins/markets?vs_currency=usd&order=market_cap_desc&per_page=100&page=1&sparkline=false (Caused by NameResolutionError("HTTPSConnection(host='api.coingecko.com', port=443): Failed to resolve 'api.coingecko.com' ([Errno 8] nodename nor servname provided, or not known)"))

During handling of the above exception, another exception occurred:

Traceback (most recent call last):
  File "/Users/alpertuncortak/Desktop/crypto-data-pipeline/src/main.py", line 13, in main
    df = fetch_crypto_data()
  File "/Users/alpertuncortak/Desktop/crypto-data-pipeline/src/fetch_data.py", line 18, in fetch_crypto_data
    response = requests.get(url, params=params, timeout=10)
  File "/Users/alpertuncortak/Desktop/crypto-data-pipeline/.venv/lib/python3.13/site-packages/requests/api.py", line 73, in get
    return request("get", url, params=params, **kwargs)
  File "/Users/alpertuncortak/Desktop/crypto-data-pipeline/.venv/lib/python3.13/site-packages/requests/api.py", line 59, in request
    return session.request(method=method, url=url, **kwargs)
           ~~~~~~~~~~~~~~~^^^^^^^^^^^^^^^^^^^^^^^^^^^^^^^^^^
  File "/Users/alpertuncortak/Desktop/crypto-data-pipeline/.venv/lib/python3.13/site-packages/requests/sessions.py", line 592, in request
    resp = self.send(prep, **send_kwargs)
  File "/Users/alpertuncortak/Desktop/crypto-data-pipeline/.venv/lib/python3.13/site-packages/requests/sessions.py", line 706, in send
    r = adapter.send(request, **kwargs)
  File "/Users/alpertuncortak/Desktop/crypto-data-pipeline/.venv/lib/python3.13/site-packages/requests/adapters.py", line 678, in send
    raise ConnectionError(e, request=request)
requests.exceptions.ConnectionError: HTTPSConnectionPool(host='api.coingecko.com', port=443): Max retries exceeded with url: /api/v3/coins/markets?vs_currency=usd&order=market_cap_desc&per_page=100&page=1&sparkline=false (Caused by NameResolutionError("HTTPSConnection(host='api.coingecko.com', port=443): Failed to resolve 'api.coingecko.com' ([Errno 8] nodename nor servname provided, or not known)"))
2026-04-08 13:52:13,841 | INFO | Pipeline run started.
2026-04-08 13:52:13,843 | ERROR | Pipeline run failed: HTTPSConnectionPool(host='api.coingecko.com', port=443): Max retries exceeded with url: /api/v3/coins/markets?vs_currency=usd&order=market_cap_desc&per_page=100&page=1&sparkline=false (Caused by NameResolutionError("HTTPSConnection(host='api.coingecko.com', port=443): Failed to resolve 'api.coingecko.com' ([Errno 8] nodename nor servname provided, or not known)"))
Traceback (most recent call last):
  File "/Users/alpertuncortak/Desktop/crypto-data-pipeline/.venv/lib/python3.13/site-packages/urllib3/connection.py", line 204, in _new_conn
    sock = connection.create_connection(
        (self._dns_host, self.port),
    ...<2 lines>...
        socket_options=self.socket_options,
    )
  File "/Users/alpertuncortak/Desktop/crypto-data-pipeline/.venv/lib/python3.13/site-packages/urllib3/util/connection.py", line 60, in create_connection
    for res in socket.getaddrinfo(host, port, family, socket.SOCK_STREAM):
               ~~~~~~~~~~~~~~~~~~^^^^^^^^^^^^^^^^^^^^^^^^^^^^^^^^^^^^^^^^
  File "/Library/Frameworks/Python.framework/Versions/3.13/lib/python3.13/socket.py", line 977, in getaddrinfo
    for res in _socket.getaddrinfo(host, port, family, type, proto, flags):
               ~~~~~~~~~~~~~~~~~~~^^^^^^^^^^^^^^^^^^^^^^^^^^^^^^^^^^^^^^^^
socket.gaierror: [Errno 8] nodename nor servname provided, or not known

The above exception was the direct cause of the following exception:

Traceback (most recent call last):
  File "/Users/alpertuncortak/Desktop/crypto-data-pipeline/.venv/lib/python3.13/site-packages/urllib3/connectionpool.py", line 787, in urlopen
    response = self._make_request(
        conn,
    ...<10 lines>...
        **response_kw,
    )
  File "/Users/alpertuncortak/Desktop/crypto-data-pipeline/.venv/lib/python3.13/site-packages/urllib3/connectionpool.py", line 488, in _make_request
    raise new_e
  File "/Users/alpertuncortak/Desktop/crypto-data-pipeline/.venv/lib/python3.13/site-packages/urllib3/connectionpool.py", line 464, in _make_request
    self._validate_conn(conn)
    ~~~~~~~~~~~~~~~~~~~^^^^^^
  File "/Users/alpertuncortak/Desktop/crypto-data-pipeline/.venv/lib/python3.13/site-packages/urllib3/connectionpool.py", line 1093, in _validate_conn
    conn.connect()
    ~~~~~~~~~~~~^^
  File "/Users/alpertuncortak/Desktop/crypto-data-pipeline/.venv/lib/python3.13/site-packages/urllib3/connection.py", line 759, in connect
    self.sock = sock = self._new_conn()
                       ~~~~~~~~~~~~~~^^
  File "/Users/alpertuncortak/Desktop/crypto-data-pipeline/.venv/lib/python3.13/site-packages/urllib3/connection.py", line 211, in _new_conn
    raise NameResolutionError(self.host, self, e) from e
urllib3.exceptions.NameResolutionError: HTTPSConnection(host='api.coingecko.com', port=443): Failed to resolve 'api.coingecko.com' ([Errno 8] nodename nor servname provided, or not known)

The above exception was the direct cause of the following exception:

Traceback (most recent call last):
  File "/Users/alpertuncortak/Desktop/crypto-data-pipeline/.venv/lib/python3.13/site-packages/requests/adapters.py", line 645, in send
    resp = conn.urlopen(
        method=request.method,
    ...<9 lines>...
        chunked=chunked,
    )
  File "/Users/alpertuncortak/Desktop/crypto-data-pipeline/.venv/lib/python3.13/site-packages/urllib3/connectionpool.py", line 841, in urlopen
    retries = retries.increment(
        method, url, error=new_e, _pool=self, _stacktrace=sys.exc_info()[2]
    )
  File "/Users/alpertuncortak/Desktop/crypto-data-pipeline/.venv/lib/python3.13/site-packages/urllib3/util/retry.py", line 535, in increment
    raise MaxRetryError(_pool, url, reason) from reason  # type: ignore[arg-type]
    ^^^^^^^^^^^^^^^^^^^^^^^^^^^^^^^^^^^^^^^^^^^^^^^^^^^
urllib3.exceptions.MaxRetryError: HTTPSConnectionPool(host='api.coingecko.com', port=443): Max retries exceeded with url: /api/v3/coins/markets?vs_currency=usd&order=market_cap_desc&per_page=100&page=1&sparkline=false (Caused by NameResolutionError("HTTPSConnection(host='api.coingecko.com', port=443): Failed to resolve 'api.coingecko.com' ([Errno 8] nodename nor servname provided, or not known)"))

During handling of the above exception, another exception occurred:

Traceback (most recent call last):
  File "/Users/alpertuncortak/Desktop/crypto-data-pipeline/src/main.py", line 13, in main
    df = fetch_crypto_data()
  File "/Users/alpertuncortak/Desktop/crypto-data-pipeline/src/fetch_data.py", line 18, in fetch_crypto_data
    response = requests.get(url, params=params, timeout=10)
  File "/Users/alpertuncortak/Desktop/crypto-data-pipeline/.venv/lib/python3.13/site-packages/requests/api.py", line 73, in get
    return request("get", url, params=params, **kwargs)
  File "/Users/alpertuncortak/Desktop/crypto-data-pipeline/.venv/lib/python3.13/site-packages/requests/api.py", line 59, in request
    return session.request(method=method, url=url, **kwargs)
           ~~~~~~~~~~~~~~~^^^^^^^^^^^^^^^^^^^^^^^^^^^^^^^^^^
  File "/Users/alpertuncortak/Desktop/crypto-data-pipeline/.venv/lib/python3.13/site-packages/requests/sessions.py", line 592, in request
    resp = self.send(prep, **send_kwargs)
  File "/Users/alpertuncortak/Desktop/crypto-data-pipeline/.venv/lib/python3.13/site-packages/requests/sessions.py", line 706, in send
    r = adapter.send(request, **kwargs)
  File "/Users/alpertuncortak/Desktop/crypto-data-pipeline/.venv/lib/python3.13/site-packages/requests/adapters.py", line 678, in send
    raise ConnectionError(e, request=request)
requests.exceptions.ConnectionError: HTTPSConnectionPool(host='api.coingecko.com', port=443): Max retries exceeded with url: /api/v3/coins/markets?vs_currency=usd&order=market_cap_desc&per_page=100&page=1&sparkline=false (Caused by NameResolutionError("HTTPSConnection(host='api.coingecko.com', port=443): Failed to resolve 'api.coingecko.com' ([Errno 8] nodename nor servname provided, or not known)"))
2026-04-08 13:57:14,174 | INFO | Pipeline run started.
2026-04-08 13:57:14,176 | ERROR | Pipeline run failed: HTTPSConnectionPool(host='api.coingecko.com', port=443): Max retries exceeded with url: /api/v3/coins/markets?vs_currency=usd&order=market_cap_desc&per_page=100&page=1&sparkline=false (Caused by NameResolutionError("HTTPSConnection(host='api.coingecko.com', port=443): Failed to resolve 'api.coingecko.com' ([Errno 8] nodename nor servname provided, or not known)"))
Traceback (most recent call last):
  File "/Users/alpertuncortak/Desktop/crypto-data-pipeline/.venv/lib/python3.13/site-packages/urllib3/connection.py", line 204, in _new_conn
    sock = connection.create_connection(
        (self._dns_host, self.port),
    ...<2 lines>...
        socket_options=self.socket_options,
    )
  File "/Users/alpertuncortak/Desktop/crypto-data-pipeline/.venv/lib/python3.13/site-packages/urllib3/util/connection.py", line 60, in create_connection
    for res in socket.getaddrinfo(host, port, family, socket.SOCK_STREAM):
               ~~~~~~~~~~~~~~~~~~^^^^^^^^^^^^^^^^^^^^^^^^^^^^^^^^^^^^^^^^
  File "/Library/Frameworks/Python.framework/Versions/3.13/lib/python3.13/socket.py", line 977, in getaddrinfo
    for res in _socket.getaddrinfo(host, port, family, type, proto, flags):
               ~~~~~~~~~~~~~~~~~~~^^^^^^^^^^^^^^^^^^^^^^^^^^^^^^^^^^^^^^^^
socket.gaierror: [Errno 8] nodename nor servname provided, or not known

The above exception was the direct cause of the following exception:

Traceback (most recent call last):
  File "/Users/alpertuncortak/Desktop/crypto-data-pipeline/.venv/lib/python3.13/site-packages/urllib3/connectionpool.py", line 787, in urlopen
    response = self._make_request(
        conn,
    ...<10 lines>...
        **response_kw,
    )
  File "/Users/alpertuncortak/Desktop/crypto-data-pipeline/.venv/lib/python3.13/site-packages/urllib3/connectionpool.py", line 488, in _make_request
    raise new_e
  File "/Users/alpertuncortak/Desktop/crypto-data-pipeline/.venv/lib/python3.13/site-packages/urllib3/connectionpool.py", line 464, in _make_request
    self._validate_conn(conn)
    ~~~~~~~~~~~~~~~~~~~^^^^^^
  File "/Users/alpertuncortak/Desktop/crypto-data-pipeline/.venv/lib/python3.13/site-packages/urllib3/connectionpool.py", line 1093, in _validate_conn
    conn.connect()
    ~~~~~~~~~~~~^^
  File "/Users/alpertuncortak/Desktop/crypto-data-pipeline/.venv/lib/python3.13/site-packages/urllib3/connection.py", line 759, in connect
    self.sock = sock = self._new_conn()
                       ~~~~~~~~~~~~~~^^
  File "/Users/alpertuncortak/Desktop/crypto-data-pipeline/.venv/lib/python3.13/site-packages/urllib3/connection.py", line 211, in _new_conn
    raise NameResolutionError(self.host, self, e) from e
urllib3.exceptions.NameResolutionError: HTTPSConnection(host='api.coingecko.com', port=443): Failed to resolve 'api.coingecko.com' ([Errno 8] nodename nor servname provided, or not known)

The above exception was the direct cause of the following exception:

Traceback (most recent call last):
  File "/Users/alpertuncortak/Desktop/crypto-data-pipeline/.venv/lib/python3.13/site-packages/requests/adapters.py", line 645, in send
    resp = conn.urlopen(
        method=request.method,
    ...<9 lines>...
        chunked=chunked,
    )
  File "/Users/alpertuncortak/Desktop/crypto-data-pipeline/.venv/lib/python3.13/site-packages/urllib3/connectionpool.py", line 841, in urlopen
    retries = retries.increment(
        method, url, error=new_e, _pool=self, _stacktrace=sys.exc_info()[2]
    )
  File "/Users/alpertuncortak/Desktop/crypto-data-pipeline/.venv/lib/python3.13/site-packages/urllib3/util/retry.py", line 535, in increment
    raise MaxRetryError(_pool, url, reason) from reason  # type: ignore[arg-type]
    ^^^^^^^^^^^^^^^^^^^^^^^^^^^^^^^^^^^^^^^^^^^^^^^^^^^
urllib3.exceptions.MaxRetryError: HTTPSConnectionPool(host='api.coingecko.com', port=443): Max retries exceeded with url: /api/v3/coins/markets?vs_currency=usd&order=market_cap_desc&per_page=100&page=1&sparkline=false (Caused by NameResolutionError("HTTPSConnection(host='api.coingecko.com', port=443): Failed to resolve 'api.coingecko.com' ([Errno 8] nodename nor servname provided, or not known)"))

During handling of the above exception, another exception occurred:

Traceback (most recent call last):
  File "/Users/alpertuncortak/Desktop/crypto-data-pipeline/src/main.py", line 13, in main
    df = fetch_crypto_data()
  File "/Users/alpertuncortak/Desktop/crypto-data-pipeline/src/fetch_data.py", line 18, in fetch_crypto_data
    response = requests.get(url, params=params, timeout=10)
  File "/Users/alpertuncortak/Desktop/crypto-data-pipeline/.venv/lib/python3.13/site-packages/requests/api.py", line 73, in get
    return request("get", url, params=params, **kwargs)
  File "/Users/alpertuncortak/Desktop/crypto-data-pipeline/.venv/lib/python3.13/site-packages/requests/api.py", line 59, in request
    return session.request(method=method, url=url, **kwargs)
           ~~~~~~~~~~~~~~~^^^^^^^^^^^^^^^^^^^^^^^^^^^^^^^^^^
  File "/Users/alpertuncortak/Desktop/crypto-data-pipeline/.venv/lib/python3.13/site-packages/requests/sessions.py", line 592, in request
    resp = self.send(prep, **send_kwargs)
  File "/Users/alpertuncortak/Desktop/crypto-data-pipeline/.venv/lib/python3.13/site-packages/requests/sessions.py", line 706, in send
    r = adapter.send(request, **kwargs)
  File "/Users/alpertuncortak/Desktop/crypto-data-pipeline/.venv/lib/python3.13/site-packages/requests/adapters.py", line 678, in send
    raise ConnectionError(e, request=request)
requests.exceptions.ConnectionError: HTTPSConnectionPool(host='api.coingecko.com', port=443): Max retries exceeded with url: /api/v3/coins/markets?vs_currency=usd&order=market_cap_desc&per_page=100&page=1&sparkline=false (Caused by NameResolutionError("HTTPSConnection(host='api.coingecko.com', port=443): Failed to resolve 'api.coingecko.com' ([Errno 8] nodename nor servname provided, or not known)"))
2026-04-08 14:02:14,518 | INFO | Pipeline run started.
2026-04-08 14:02:14,520 | ERROR | Pipeline run failed: HTTPSConnectionPool(host='api.coingecko.com', port=443): Max retries exceeded with url: /api/v3/coins/markets?vs_currency=usd&order=market_cap_desc&per_page=100&page=1&sparkline=false (Caused by NameResolutionError("HTTPSConnection(host='api.coingecko.com', port=443): Failed to resolve 'api.coingecko.com' ([Errno 8] nodename nor servname provided, or not known)"))
Traceback (most recent call last):
  File "/Users/alpertuncortak/Desktop/crypto-data-pipeline/.venv/lib/python3.13/site-packages/urllib3/connection.py", line 204, in _new_conn
    sock = connection.create_connection(
        (self._dns_host, self.port),
    ...<2 lines>...
        socket_options=self.socket_options,
    )
  File "/Users/alpertuncortak/Desktop/crypto-data-pipeline/.venv/lib/python3.13/site-packages/urllib3/util/connection.py", line 60, in create_connection
    for res in socket.getaddrinfo(host, port, family, socket.SOCK_STREAM):
               ~~~~~~~~~~~~~~~~~~^^^^^^^^^^^^^^^^^^^^^^^^^^^^^^^^^^^^^^^^
  File "/Library/Frameworks/Python.framework/Versions/3.13/lib/python3.13/socket.py", line 977, in getaddrinfo
    for res in _socket.getaddrinfo(host, port, family, type, proto, flags):
               ~~~~~~~~~~~~~~~~~~~^^^^^^^^^^^^^^^^^^^^^^^^^^^^^^^^^^^^^^^^
socket.gaierror: [Errno 8] nodename nor servname provided, or not known

The above exception was the direct cause of the following exception:

Traceback (most recent call last):
  File "/Users/alpertuncortak/Desktop/crypto-data-pipeline/.venv/lib/python3.13/site-packages/urllib3/connectionpool.py", line 787, in urlopen
    response = self._make_request(
        conn,
    ...<10 lines>...
        **response_kw,
    )
  File "/Users/alpertuncortak/Desktop/crypto-data-pipeline/.venv/lib/python3.13/site-packages/urllib3/connectionpool.py", line 488, in _make_request
    raise new_e
  File "/Users/alpertuncortak/Desktop/crypto-data-pipeline/.venv/lib/python3.13/site-packages/urllib3/connectionpool.py", line 464, in _make_request
    self._validate_conn(conn)
    ~~~~~~~~~~~~~~~~~~~^^^^^^
  File "/Users/alpertuncortak/Desktop/crypto-data-pipeline/.venv/lib/python3.13/site-packages/urllib3/connectionpool.py", line 1093, in _validate_conn
    conn.connect()
    ~~~~~~~~~~~~^^
  File "/Users/alpertuncortak/Desktop/crypto-data-pipeline/.venv/lib/python3.13/site-packages/urllib3/connection.py", line 759, in connect
    self.sock = sock = self._new_conn()
                       ~~~~~~~~~~~~~~^^
  File "/Users/alpertuncortak/Desktop/crypto-data-pipeline/.venv/lib/python3.13/site-packages/urllib3/connection.py", line 211, in _new_conn
    raise NameResolutionError(self.host, self, e) from e
urllib3.exceptions.NameResolutionError: HTTPSConnection(host='api.coingecko.com', port=443): Failed to resolve 'api.coingecko.com' ([Errno 8] nodename nor servname provided, or not known)

The above exception was the direct cause of the following exception:

Traceback (most recent call last):
  File "/Users/alpertuncortak/Desktop/crypto-data-pipeline/.venv/lib/python3.13/site-packages/requests/adapters.py", line 645, in send
    resp = conn.urlopen(
        method=request.method,
    ...<9 lines>...
        chunked=chunked,
    )
  File "/Users/alpertuncortak/Desktop/crypto-data-pipeline/.venv/lib/python3.13/site-packages/urllib3/connectionpool.py", line 841, in urlopen
    retries = retries.increment(
        method, url, error=new_e, _pool=self, _stacktrace=sys.exc_info()[2]
    )
  File "/Users/alpertuncortak/Desktop/crypto-data-pipeline/.venv/lib/python3.13/site-packages/urllib3/util/retry.py", line 535, in increment
    raise MaxRetryError(_pool, url, reason) from reason  # type: ignore[arg-type]
    ^^^^^^^^^^^^^^^^^^^^^^^^^^^^^^^^^^^^^^^^^^^^^^^^^^^
urllib3.exceptions.MaxRetryError: HTTPSConnectionPool(host='api.coingecko.com', port=443): Max retries exceeded with url: /api/v3/coins/markets?vs_currency=usd&order=market_cap_desc&per_page=100&page=1&sparkline=false (Caused by NameResolutionError("HTTPSConnection(host='api.coingecko.com', port=443): Failed to resolve 'api.coingecko.com' ([Errno 8] nodename nor servname provided, or not known)"))

During handling of the above exception, another exception occurred:

Traceback (most recent call last):
  File "/Users/alpertuncortak/Desktop/crypto-data-pipeline/src/main.py", line 13, in main
    df = fetch_crypto_data()
  File "/Users/alpertuncortak/Desktop/crypto-data-pipeline/src/fetch_data.py", line 18, in fetch_crypto_data
    response = requests.get(url, params=params, timeout=10)
  File "/Users/alpertuncortak/Desktop/crypto-data-pipeline/.venv/lib/python3.13/site-packages/requests/api.py", line 73, in get
    return request("get", url, params=params, **kwargs)
  File "/Users/alpertuncortak/Desktop/crypto-data-pipeline/.venv/lib/python3.13/site-packages/requests/api.py", line 59, in request
    return session.request(method=method, url=url, **kwargs)
           ~~~~~~~~~~~~~~~^^^^^^^^^^^^^^^^^^^^^^^^^^^^^^^^^^
  File "/Users/alpertuncortak/Desktop/crypto-data-pipeline/.venv/lib/python3.13/site-packages/requests/sessions.py", line 592, in request
    resp = self.send(prep, **send_kwargs)
  File "/Users/alpertuncortak/Desktop/crypto-data-pipeline/.venv/lib/python3.13/site-packages/requests/sessions.py", line 706, in send
    r = adapter.send(request, **kwargs)
  File "/Users/alpertuncortak/Desktop/crypto-data-pipeline/.venv/lib/python3.13/site-packages/requests/adapters.py", line 678, in send
    raise ConnectionError(e, request=request)
requests.exceptions.ConnectionError: HTTPSConnectionPool(host='api.coingecko.com', port=443): Max retries exceeded with url: /api/v3/coins/markets?vs_currency=usd&order=market_cap_desc&per_page=100&page=1&sparkline=false (Caused by NameResolutionError("HTTPSConnection(host='api.coingecko.com', port=443): Failed to resolve 'api.coingecko.com' ([Errno 8] nodename nor servname provided, or not known)"))
2026-04-08 14:07:14,859 | INFO | Pipeline run started.
2026-04-08 14:07:15,234 | INFO | Fetched 100 rows from CoinGecko API.
2026-04-08 14:07:15,234 | INFO | Fetched data preview:
2026-04-08 14:07:15,245 | INFO | 
  symbol      name  ...  price_change_24h  price_change_percentage_24h
0    BTC   Bitcoin  ...       3360.390000                      4.91560
1    ETH  Ethereum  ...        162.070000                      7.76163
2   USDT    Tether  ...          0.000011                      0.00114
3    XRP       XRP  ...          0.072307                      5.53291
4    BNB       BNB  ...         16.040000                      2.68734

[5 rows x 7 columns]
2026-04-08 14:07:15,262 | INFO | Starting database insert process.
2026-04-08 14:07:15,310 | INFO | 100 rows inserted into price_history.
2026-04-08 14:07:15,310 | INFO | 100 rows upserted into latest_prices.
2026-04-08 14:07:15,311 | INFO | Database connection closed after insert process.
2026-04-08 14:07:15,313 | INFO | Starting archive process for rows older than 1440 minutes.
2026-04-08 14:07:15,322 | INFO | 0 rows moved to price_history_archive.
2026-04-08 14:07:15,322 | INFO | 0 rows deleted from price_history.
2026-04-08 14:07:15,322 | INFO | Database connection closed after archive process.
2026-04-08 14:07:15,322 | INFO | Pipeline run completed successfully.
2026-04-08 14:12:15,663 | INFO | Pipeline run started.
2026-04-08 14:12:15,991 | INFO | Fetched 100 rows from CoinGecko API.
2026-04-08 14:12:15,991 | INFO | Fetched data preview:
2026-04-08 14:12:16,000 | INFO | 
  symbol      name  ...  price_change_24h  price_change_percentage_24h
0    BTC   Bitcoin  ...      3.593900e+03                      5.27624
1    ETH  Ethereum  ...      1.733700e+02                      8.34707
2   USDT    Tether  ...     -1.533386e-07                     -0.00002
3    XRP       XRP  ...      7.645200e-02                      5.87159
4    BNB       BNB  ...      1.929000e+01                      3.24676

[5 rows x 7 columns]
2026-04-08 14:12:16,014 | INFO | Starting database insert process.
2026-04-08 14:12:16,061 | INFO | 100 rows inserted into price_history.
2026-04-08 14:12:16,061 | INFO | 100 rows upserted into latest_prices.
2026-04-08 14:12:16,061 | INFO | Database connection closed after insert process.
2026-04-08 14:12:16,064 | INFO | Starting archive process for rows older than 1440 minutes.
2026-04-08 14:12:16,073 | INFO | 0 rows moved to price_history_archive.
2026-04-08 14:12:16,073 | INFO | 0 rows deleted from price_history.
2026-04-08 14:12:16,073 | INFO | Database connection closed after archive process.
2026-04-08 14:12:16,073 | INFO | Pipeline run completed successfully.
2026-04-08 14:17:16,552 | INFO | Pipeline run started.
2026-04-08 14:17:16,730 | INFO | Fetched 100 rows from CoinGecko API.
2026-04-08 14:17:16,730 | INFO | Fetched data preview:
2026-04-08 14:17:16,737 | INFO | 
  symbol      name  ...  price_change_24h  price_change_percentage_24h
0    BTC   Bitcoin  ...       3499.040000                      5.12283
1    ETH  Ethereum  ...        168.880000                      8.10636
2   USDT    Tether  ...         -0.000002                     -0.00015
3    XRP       XRP  ...          0.074287                      5.68903
4    BNB       BNB  ...         19.290000                      3.24630

[5 rows x 7 columns]
2026-04-08 14:17:16,751 | INFO | Starting database insert process.
2026-04-08 14:17:16,791 | INFO | 0 rows inserted into price_history.
2026-04-08 14:17:16,791 | INFO | 100 rows upserted into latest_prices.
2026-04-08 14:17:16,791 | INFO | Database connection closed after insert process.
2026-04-08 14:17:16,794 | INFO | Starting archive process for rows older than 1440 minutes.
2026-04-08 14:17:16,803 | INFO | 0 rows moved to price_history_archive.
2026-04-08 14:17:16,803 | INFO | 0 rows deleted from price_history.
2026-04-08 14:17:16,803 | INFO | Database connection closed after archive process.
2026-04-08 14:17:16,803 | INFO | Pipeline run completed successfully.
2026-04-08 14:22:17,459 | INFO | Pipeline run started.
2026-04-08 14:22:18,102 | INFO | Fetched 100 rows from CoinGecko API.
2026-04-08 14:22:18,102 | INFO | Fetched data preview:
2026-04-08 14:22:18,111 | INFO | 
  symbol      name  ...  price_change_24h  price_change_percentage_24h
0    BTC   Bitcoin  ...       3437.760000                      5.02757
1    ETH  Ethereum  ...        167.830000                      8.05364
2   USDT    Tether  ...          0.000018                      0.00176
3    XRP       XRP  ...          0.071705                      5.48759
4    BNB       BNB  ...         17.150000                      2.87636

[5 rows x 7 columns]
2026-04-08 14:22:18,125 | INFO | Starting database insert process.
2026-04-08 14:22:18,168 | INFO | 100 rows inserted into price_history.
2026-04-08 14:22:18,168 | INFO | 100 rows upserted into latest_prices.
2026-04-08 14:22:18,168 | INFO | Database connection closed after insert process.
2026-04-08 14:22:18,170 | INFO | Starting archive process for rows older than 1440 minutes.
2026-04-08 14:22:18,176 | INFO | 0 rows moved to price_history_archive.
2026-04-08 14:22:18,176 | INFO | 0 rows deleted from price_history.
2026-04-08 14:22:18,176 | INFO | Database connection closed after archive process.
2026-04-08 14:22:18,176 | INFO | Pipeline run completed successfully.
2026-04-08 14:27:18,718 | INFO | Pipeline run started.
2026-04-08 14:27:19,020 | INFO | Fetched 100 rows from CoinGecko API.
2026-04-08 14:27:19,020 | INFO | Fetched data preview:
2026-04-08 14:27:19,030 | INFO | 
  symbol      name  ...  price_change_24h  price_change_percentage_24h
0    BTC   Bitcoin  ...       3296.350000                      4.81917
1    ETH  Ethereum  ...        162.570000                      7.80135
2   USDT    Tether  ...         -0.000010                     -0.00103
3    XRP       XRP  ...          0.068133                      5.21182
4    BNB       BNB  ...         15.680000                      2.62890

[5 rows x 7 columns]
2026-04-08 14:27:19,046 | INFO | Starting database insert process.
2026-04-08 14:27:19,090 | INFO | 100 rows inserted into price_history.
2026-04-08 14:27:19,090 | INFO | 100 rows upserted into latest_prices.
2026-04-08 14:27:19,090 | INFO | Database connection closed after insert process.
2026-04-08 14:27:19,093 | INFO | Starting archive process for rows older than 1440 minutes.
2026-04-08 14:27:19,100 | INFO | 0 rows moved to price_history_archive.
2026-04-08 14:27:19,100 | INFO | 0 rows deleted from price_history.
2026-04-08 14:27:19,100 | INFO | Database connection closed after archive process.
2026-04-08 14:27:19,100 | INFO | Pipeline run completed successfully.
2026-04-08 14:32:19,538 | INFO | Pipeline run started.
2026-04-08 14:32:19,663 | INFO | Fetched 100 rows from CoinGecko API.
2026-04-08 14:32:19,663 | INFO | Fetched data preview:
2026-04-08 14:32:19,666 | INFO | 
  symbol      name  ...  price_change_24h  price_change_percentage_24h
0    BTC   Bitcoin  ...       3353.000000                      4.90199
1    ETH  Ethereum  ...        165.530000                      7.94908
2   USDT    Tether  ...         -0.000010                     -0.00095
3    XRP       XRP  ...          0.071777                      5.49357
4    BNB       BNB  ...         15.940000                      2.67289

[5 rows x 7 columns]
2026-04-08 14:32:19,677 | INFO | Starting database insert process.
2026-04-08 14:32:19,709 | INFO | 0 rows inserted into price_history.
2026-04-08 14:32:19,709 | INFO | 100 rows upserted into latest_prices.
2026-04-08 14:32:19,709 | INFO | Database connection closed after insert process.
2026-04-08 14:32:19,711 | INFO | Starting archive process for rows older than 1440 minutes.
2026-04-08 14:32:19,716 | INFO | 0 rows moved to price_history_archive.
2026-04-08 14:32:19,716 | INFO | 0 rows deleted from price_history.
2026-04-08 14:32:19,716 | INFO | Database connection closed after archive process.
2026-04-08 14:32:19,716 | INFO | Pipeline run completed successfully.
2026-04-08 14:37:20,196 | INFO | Pipeline run started.
2026-04-08 14:37:20,438 | INFO | Fetched 100 rows from CoinGecko API.
2026-04-08 14:37:20,438 | INFO | Fetched data preview:
2026-04-08 14:37:20,448 | INFO | 
  symbol      name  ...  price_change_24h  price_change_percentage_24h
0    BTC   Bitcoin  ...       3447.450000                      5.04060
1    ETH  Ethereum  ...        168.570000                      8.09106
2   USDT    Tether  ...         -0.000005                     -0.00047
3    XRP       XRP  ...          0.074407                      5.69506
4    BNB       BNB  ...         16.330000                      2.73681

[5 rows x 7 columns]
2026-04-08 14:37:20,465 | INFO | Starting database insert process.
2026-04-08 14:37:20,514 | INFO | 100 rows inserted into price_history.
2026-04-08 14:37:20,514 | INFO | 100 rows upserted into latest_prices.
2026-04-08 14:37:20,514 | INFO | Database connection closed after insert process.
2026-04-08 14:37:20,517 | INFO | Starting archive process for rows older than 1440 minutes.
2026-04-08 14:37:20,526 | INFO | 0 rows moved to price_history_archive.
2026-04-08 14:37:20,526 | INFO | 0 rows deleted from price_history.
2026-04-08 14:37:20,526 | INFO | Database connection closed after archive process.
2026-04-08 14:37:20,526 | INFO | Pipeline run completed successfully.
2026-04-08 14:42:21,031 | INFO | Pipeline run started.
2026-04-08 14:42:21,284 | INFO | Fetched 100 rows from CoinGecko API.
2026-04-08 14:42:21,284 | INFO | Fetched data preview:
2026-04-08 14:42:21,294 | INFO | 
  symbol      name  ...  price_change_24h  price_change_percentage_24h
0    BTC   Bitcoin  ...       3565.540000                      5.21707
1    ETH  Ethereum  ...        172.140000                      8.26880
2   USDT    Tether  ...          0.000024                      0.00241
3    XRP       XRP  ...          0.076341                      5.84692
4    BNB       BNB  ...         17.040000                      2.85544

[5 rows x 7 columns]
2026-04-08 14:42:21,309 | INFO | Starting database insert process.
2026-04-08 14:42:21,349 | INFO | 100 rows inserted into price_history.
2026-04-08 14:42:21,350 | INFO | 100 rows upserted into latest_prices.
2026-04-08 14:42:21,350 | INFO | Database connection closed after insert process.
2026-04-08 14:42:21,351 | INFO | Starting archive process for rows older than 1440 minutes.
2026-04-08 14:42:21,356 | INFO | 0 rows moved to price_history_archive.
2026-04-08 14:42:21,356 | INFO | 0 rows deleted from price_history.
2026-04-08 14:42:21,357 | INFO | Database connection closed after archive process.
2026-04-08 14:42:21,357 | INFO | Pipeline run completed successfully.
2026-04-08 14:47:21,789 | INFO | Pipeline run started.
2026-04-08 14:47:22,139 | INFO | Fetched 100 rows from CoinGecko API.
2026-04-08 14:47:22,139 | INFO | Fetched data preview:
2026-04-08 14:47:22,150 | INFO | 
  symbol      name  ...  price_change_24h  price_change_percentage_24h
0    BTC   Bitcoin  ...       3637.960000                      5.32860
1    ETH  Ethereum  ...        175.950000                      8.46511
2   USDT    Tether  ...          0.000053                      0.00533
3    XRP       XRP  ...          0.076643                      5.87425
4    BNB       BNB  ...         16.950000                      2.84041

[5 rows x 7 columns]
2026-04-08 14:47:22,166 | INFO | Starting database insert process.
2026-04-08 14:47:22,207 | INFO | 100 rows inserted into price_history.
2026-04-08 14:47:22,207 | INFO | 100 rows upserted into latest_prices.
2026-04-08 14:47:22,207 | INFO | Database connection closed after insert process.
2026-04-08 14:47:22,208 | INFO | Starting archive process for rows older than 1440 minutes.
2026-04-08 14:47:22,213 | INFO | 0 rows moved to price_history_archive.
2026-04-08 14:47:22,213 | INFO | 0 rows deleted from price_history.
2026-04-08 14:47:22,213 | INFO | Database connection closed after archive process.
2026-04-08 14:47:22,214 | INFO | Pipeline run completed successfully.
2026-04-08 14:52:22,686 | INFO | Pipeline run started.
2026-04-08 14:52:22,847 | INFO | Fetched 100 rows from CoinGecko API.
2026-04-08 14:52:22,847 | INFO | Fetched data preview:
2026-04-08 14:52:22,851 | INFO | 
  symbol      name  ...  price_change_24h  price_change_percentage_24h
0    BTC   Bitcoin  ...       3587.790000                      5.25074
1    ETH  Ethereum  ...        173.380000                      8.32910
2   USDT    Tether  ...          0.000022                      0.00219
3    XRP       XRP  ...          0.076506                      5.85947
4    BNB       BNB  ...         16.580000                      2.77706

[5 rows x 7 columns]
2026-04-08 14:52:22,860 | INFO | Starting database insert process.
2026-04-08 14:52:22,892 | INFO | 0 rows inserted into price_history.
2026-04-08 14:52:22,892 | INFO | 100 rows upserted into latest_prices.
2026-04-08 14:52:22,892 | INFO | Database connection closed after insert process.
2026-04-08 14:52:22,894 | INFO | Starting archive process for rows older than 1440 minutes.
2026-04-08 14:52:22,899 | INFO | 0 rows moved to price_history_archive.
2026-04-08 14:52:22,899 | INFO | 0 rows deleted from price_history.
2026-04-08 14:52:22,899 | INFO | Database connection closed after archive process.
2026-04-08 14:52:22,899 | INFO | Pipeline run completed successfully.
2026-04-08 14:57:23,344 | INFO | Pipeline run started.
2026-04-08 14:57:23,533 | INFO | Fetched 100 rows from CoinGecko API.
2026-04-08 14:57:23,533 | INFO | Fetched data preview:
2026-04-08 14:57:23,540 | INFO | 
  symbol      name  ...  price_change_24h  price_change_percentage_24h
0    BTC   Bitcoin  ...       3565.330000                      5.21171
1    ETH  Ethereum  ...        167.350000                      8.01782
2   USDT    Tether  ...          0.000022                      0.00216
3    XRP       XRP  ...          0.074175                      5.66831
4    BNB       BNB  ...         15.850000                      2.64953

[5 rows x 7 columns]
2026-04-08 14:57:23,555 | INFO | Starting database insert process.
2026-04-08 14:57:23,604 | INFO | 100 rows inserted into price_history.
2026-04-08 14:57:23,604 | INFO | 100 rows upserted into latest_prices.
2026-04-08 14:57:23,604 | INFO | Database connection closed after insert process.
2026-04-08 14:57:23,606 | INFO | Starting archive process for rows older than 1440 minutes.
2026-04-08 14:57:23,614 | INFO | 0 rows moved to price_history_archive.
2026-04-08 14:57:23,614 | INFO | 0 rows deleted from price_history.
2026-04-08 14:57:23,614 | INFO | Database connection closed after archive process.
2026-04-08 14:57:23,614 | INFO | Pipeline run completed successfully.
2026-04-08 15:02:24,111 | INFO | Pipeline run started.
2026-04-08 15:02:24,476 | INFO | Fetched 100 rows from CoinGecko API.
2026-04-08 15:02:24,476 | INFO | Fetched data preview:
2026-04-08 15:02:24,484 | INFO | 
  symbol      name  ...  price_change_24h  price_change_percentage_24h
0    BTC   Bitcoin  ...       3674.000000                      5.37055
1    ETH  Ethereum  ...        168.640000                      8.07943
2   USDT    Tether  ...          0.000022                      0.00222
3    XRP       XRP  ...          0.072233                      5.51991
4    BNB       BNB  ...         15.240000                      2.54668

[5 rows x 7 columns]
2026-04-08 15:02:24,498 | INFO | Starting database insert process.
2026-04-08 15:02:24,538 | INFO | 100 rows inserted into price_history.
2026-04-08 15:02:24,538 | INFO | 100 rows upserted into latest_prices.
2026-04-08 15:02:24,539 | INFO | Database connection closed after insert process.
2026-04-08 15:02:24,540 | INFO | Starting archive process for rows older than 1440 minutes.
2026-04-08 15:02:24,546 | INFO | 0 rows moved to price_history_archive.
2026-04-08 15:02:24,547 | INFO | 0 rows deleted from price_history.
2026-04-08 15:02:24,547 | INFO | Database connection closed after archive process.
2026-04-08 15:02:24,547 | INFO | Pipeline run completed successfully.
2026-04-08 15:07:25,025 | INFO | Pipeline run started.
2026-04-08 15:07:25,218 | INFO | Fetched 100 rows from CoinGecko API.
2026-04-08 15:07:25,218 | INFO | Fetched data preview:
2026-04-08 15:07:25,224 | INFO | 
  symbol      name  ...  price_change_24h  price_change_percentage_24h
0    BTC   Bitcoin  ...       3750.020000                      5.48312
1    ETH  Ethereum  ...        172.190000                      8.25633
2   USDT    Tether  ...          0.000032                      0.00316
3    XRP       XRP  ...          0.073417                      5.61144
4    BNB       BNB  ...         15.160000                      2.53279

[5 rows x 7 columns]
2026-04-08 15:07:25,237 | INFO | Starting database insert process.
2026-04-08 15:07:25,284 | INFO | 100 rows inserted into price_history.
2026-04-08 15:07:25,284 | INFO | 100 rows upserted into latest_prices.
2026-04-08 15:07:25,284 | INFO | Database connection closed after insert process.
2026-04-08 15:07:25,287 | INFO | Starting archive process for rows older than 1440 minutes.
2026-04-08 15:07:25,294 | INFO | 0 rows moved to price_history_archive.
2026-04-08 15:07:25,294 | INFO | 0 rows deleted from price_history.
2026-04-08 15:07:25,294 | INFO | Database connection closed after archive process.
2026-04-08 15:07:25,294 | INFO | Pipeline run completed successfully.
2026-04-08 15:12:25,800 | INFO | Pipeline run started.
2026-04-08 15:12:25,988 | INFO | Fetched 100 rows from CoinGecko API.
2026-04-08 15:12:25,988 | INFO | Fetched data preview:
2026-04-08 15:12:25,995 | INFO | 
  symbol      name  ...  price_change_24h  price_change_percentage_24h
0    BTC   Bitcoin  ...       4065.070000                      5.93092
1    ETH  Ethereum  ...        175.510000                      8.40275
2   USDT    Tether  ...          0.000025                      0.00250
3    XRP       XRP  ...          0.075039                      5.72167
4    BNB       BNB  ...         16.170000                      2.69989

[5 rows x 7 columns]
2026-04-08 15:12:26,011 | INFO | Starting database insert process.
2026-04-08 15:12:26,058 | INFO | 100 rows inserted into price_history.
2026-04-08 15:12:26,059 | INFO | 100 rows upserted into latest_prices.
2026-04-08 15:12:26,059 | INFO | Database connection closed after insert process.
2026-04-08 15:12:26,061 | INFO | Starting archive process for rows older than 1440 minutes.
2026-04-08 15:12:26,071 | INFO | 0 rows moved to price_history_archive.
2026-04-08 15:12:26,071 | INFO | 0 rows deleted from price_history.
2026-04-08 15:12:26,071 | INFO | Database connection closed after archive process.
2026-04-08 15:12:26,071 | INFO | Pipeline run completed successfully.
2026-04-08 15:17:26,543 | INFO | Pipeline run started.
2026-04-08 15:17:26,792 | INFO | Fetched 100 rows from CoinGecko API.
2026-04-08 15:17:26,792 | INFO | Fetched data preview:
2026-04-08 15:17:26,800 | INFO | 
  symbol      name  ...  price_change_24h  price_change_percentage_24h
0    BTC   Bitcoin  ...       4061.780000                      5.92612
1    ETH  Ethereum  ...        176.050000                      8.44141
2   USDT    Tether  ...         -0.000012                     -0.00119
3    XRP       XRP  ...          0.075310                      5.74810
4    BNB       BNB  ...         15.590000                      2.60500

[5 rows x 7 columns]
2026-04-08 15:17:26,814 | INFO | Starting database insert process.
2026-04-08 15:17:26,855 | INFO | 0 rows inserted into price_history.
2026-04-08 15:17:26,855 | INFO | 100 rows upserted into latest_prices.
2026-04-08 15:17:26,856 | INFO | Database connection closed after insert process.
2026-04-08 15:17:26,859 | INFO | Starting archive process for rows older than 1440 minutes.
2026-04-08 15:17:26,871 | INFO | 0 rows moved to price_history_archive.
2026-04-08 15:17:26,871 | INFO | 0 rows deleted from price_history.
2026-04-08 15:17:26,871 | INFO | Database connection closed after archive process.
2026-04-08 15:17:26,871 | INFO | Pipeline run completed successfully.
2026-04-08 15:22:27,342 | INFO | Pipeline run started.
2026-04-08 15:22:27,543 | INFO | Fetched 100 rows from CoinGecko API.
2026-04-08 15:22:27,543 | INFO | Fetched data preview:
2026-04-08 15:22:27,552 | INFO | 
  symbol      name  ...  price_change_24h  price_change_percentage_24h
0    BTC   Bitcoin  ...       4092.460000                      5.97524
1    ETH  Ethereum  ...        175.260000                      8.40916
2   USDT    Tether  ...          0.000026                      0.00260
3    XRP       XRP  ...          0.077964                      5.96043
4    BNB       BNB  ...         15.090000                      2.52317

[5 rows x 7 columns]
2026-04-08 15:22:27,564 | INFO | Starting database insert process.
2026-04-08 15:22:27,611 | INFO | 100 rows inserted into price_history.
2026-04-08 15:22:27,611 | INFO | 100 rows upserted into latest_prices.
2026-04-08 15:22:27,611 | INFO | Database connection closed after insert process.
2026-04-08 15:22:27,613 | INFO | Starting archive process for rows older than 1440 minutes.
2026-04-08 15:22:27,620 | INFO | 0 rows moved to price_history_archive.
2026-04-08 15:22:27,620 | INFO | 0 rows deleted from price_history.
2026-04-08 15:22:27,620 | INFO | Database connection closed after archive process.
2026-04-08 15:22:27,620 | INFO | Pipeline run completed successfully.
2026-04-08 15:27:28,079 | INFO | Pipeline run started.
2026-04-08 15:27:28,317 | INFO | Fetched 100 rows from CoinGecko API.
2026-04-08 15:27:28,318 | INFO | Fetched data preview:
2026-04-08 15:27:28,327 | INFO | 
  symbol      name  ...  price_change_24h  price_change_percentage_24h
0    BTC   Bitcoin  ...       3985.730000                      5.82063
1    ETH  Ethereum  ...        173.950000                      8.34638
2   USDT    Tether  ...          0.000038                      0.00376
3    XRP       XRP  ...          0.077491                      5.92888
4    BNB       BNB  ...         15.210000                      2.54342

[5 rows x 7 columns]
2026-04-08 15:27:28,345 | INFO | Starting database insert process.
2026-04-08 15:27:28,405 | INFO | 100 rows inserted into price_history.
2026-04-08 15:27:28,405 | INFO | 100 rows upserted into latest_prices.
2026-04-08 15:27:28,405 | INFO | Database connection closed after insert process.
2026-04-08 15:27:28,408 | INFO | Starting archive process for rows older than 1440 minutes.
2026-04-08 15:27:28,417 | INFO | 0 rows moved to price_history_archive.
2026-04-08 15:27:28,417 | INFO | 0 rows deleted from price_history.
2026-04-08 15:27:28,417 | INFO | Database connection closed after archive process.
2026-04-08 15:27:28,418 | INFO | Pipeline run completed successfully.
2026-04-08 15:32:28,872 | INFO | Pipeline run started.
2026-04-08 15:32:29,045 | INFO | Fetched 100 rows from CoinGecko API.
2026-04-08 15:32:29,045 | INFO | Fetched data preview:
2026-04-08 15:32:29,051 | INFO | 
  symbol      name  ...  price_change_24h  price_change_percentage_24h
0    BTC   Bitcoin  ...       4045.010000                      5.91047
1    ETH  Ethereum  ...        178.480000                      8.57127
2   USDT    Tether  ...          0.000074                      0.00742
3    XRP       XRP  ...          0.077748                      5.94610
4    BNB       BNB  ...         14.430000                      2.41327

[5 rows x 7 columns]
2026-04-08 15:32:29,066 | INFO | Starting database insert process.
2026-04-08 15:32:29,115 | INFO | 100 rows inserted into price_history.
2026-04-08 15:32:29,115 | INFO | 100 rows upserted into latest_prices.
2026-04-08 15:32:29,115 | INFO | Database connection closed after insert process.
2026-04-08 15:32:29,117 | INFO | Starting archive process for rows older than 1440 minutes.
2026-04-08 15:32:29,127 | INFO | 0 rows moved to price_history_archive.
2026-04-08 15:32:29,127 | INFO | 0 rows deleted from price_history.
2026-04-08 15:32:29,127 | INFO | Database connection closed after archive process.
2026-04-08 15:32:29,127 | INFO | Pipeline run completed successfully.
