2026-04-07 17:05:41,678 | INFO | Pipeline run started.
2026-04-07 17:05:41,824 | INFO | Starting database insert process.
2026-04-07 17:05:41,872 | INFO | 100 rows inserted into price_history.
2026-04-07 17:05:41,872 | INFO | 100 rows upserted into latest_prices.
2026-04-07 17:05:41,874 | INFO | Database connection closed after insert process.
2026-04-07 17:05:41,875 | INFO | Starting archive process for rows older than 1440 minutes.
2026-04-07 17:05:41,876 | INFO | 0 rows moved to price_history_archive.
2026-04-07 17:05:41,876 | INFO | 0 rows deleted from price_history.
2026-04-07 17:05:41,876 | INFO | Database connection closed after archive process.
2026-04-07 17:05:41,876 | INFO | Pipeline run completed successfully.
2026-04-07 17:07:23,639 | INFO | Pipeline run started.
2026-04-07 17:07:23,889 | INFO | Starting database insert process.
2026-04-07 17:07:23,929 | INFO | 0 rows inserted into price_history.
2026-04-07 17:07:23,929 | INFO | 100 rows upserted into latest_prices.
2026-04-07 17:07:23,930 | INFO | Database connection closed after insert process.
2026-04-07 17:07:23,932 | INFO | Starting archive process for rows older than 1440 minutes.
2026-04-07 17:07:23,933 | INFO | 0 rows moved to price_history_archive.
2026-04-07 17:07:23,933 | INFO | 0 rows deleted from price_history.
2026-04-07 17:07:23,933 | INFO | Database connection closed after archive process.
2026-04-07 17:07:23,933 | INFO | Pipeline run completed successfully.
2026-04-07 17:12:24,594 | INFO | Pipeline run started.
2026-04-07 17:12:24,881 | INFO | Starting database insert process.
2026-04-07 17:12:24,933 | INFO | 100 rows inserted into price_history.
2026-04-07 17:12:24,933 | INFO | 100 rows upserted into latest_prices.
2026-04-07 17:12:24,933 | INFO | Database connection closed after insert process.
2026-04-07 17:12:24,936 | INFO | Starting archive process for rows older than 1440 minutes.
2026-04-07 17:12:24,938 | INFO | 0 rows moved to price_history_archive.
2026-04-07 17:12:24,938 | INFO | 0 rows deleted from price_history.
2026-04-07 17:12:24,938 | INFO | Database connection closed after archive process.
2026-04-07 17:12:24,938 | INFO | Pipeline run completed successfully.
2026-04-07 17:13:24,253 | INFO | Pipeline run started.
2026-04-07 17:13:24,370 | INFO | Starting database insert process.
2026-04-07 17:13:24,406 | INFO | 0 rows inserted into price_history.
2026-04-07 17:13:24,406 | INFO | 100 rows upserted into latest_prices.
2026-04-07 17:13:24,406 | INFO | Database connection closed after insert process.
2026-04-07 17:13:24,407 | INFO | Starting archive process for rows older than 1440 minutes.
2026-04-07 17:13:24,408 | INFO | 0 rows moved to price_history_archive.
2026-04-07 17:13:24,408 | INFO | 0 rows deleted from price_history.
2026-04-07 17:13:24,408 | INFO | Database connection closed after archive process.
2026-04-07 17:13:24,408 | INFO | Pipeline run completed successfully.
2026-04-07 17:13:27,280 | INFO | Pipeline run started.
2026-04-07 17:13:27,510 | INFO | Starting database insert process.
2026-04-07 17:13:27,555 | INFO | 0 rows inserted into price_history.
2026-04-07 17:13:27,556 | INFO | 100 rows upserted into latest_prices.
2026-04-07 17:13:27,556 | INFO | Database connection closed after insert process.
2026-04-07 17:13:27,559 | INFO | Starting archive process for rows older than 1440 minutes.
2026-04-07 17:13:27,560 | INFO | 0 rows moved to price_history_archive.
2026-04-07 17:13:27,560 | INFO | 0 rows deleted from price_history.
2026-04-07 17:13:27,560 | INFO | Database connection closed after archive process.
2026-04-07 17:13:27,560 | INFO | Pipeline run completed successfully.
2026-04-07 17:13:37,960 | INFO | Pipeline run started.
2026-04-07 17:13:38,053 | INFO | Starting database insert process.
2026-04-07 17:13:38,085 | INFO | 0 rows inserted into price_history.
2026-04-07 17:13:38,085 | INFO | 100 rows upserted into latest_prices.
2026-04-07 17:13:38,085 | INFO | Database connection closed after insert process.
2026-04-07 17:13:38,087 | INFO | Starting archive process for rows older than 1440 minutes.
2026-04-07 17:13:38,088 | INFO | 0 rows moved to price_history_archive.
2026-04-07 17:13:38,088 | INFO | 0 rows deleted from price_history.
2026-04-07 17:13:38,088 | INFO | Database connection closed after archive process.
2026-04-07 17:13:38,088 | INFO | Pipeline run completed successfully.
2026-04-07 17:15:42,157 | INFO | Pipeline run started.
2026-04-07 17:15:42,427 | INFO | Starting database insert process.
2026-04-07 17:15:42,459 | INFO | 0 rows inserted into price_history.
2026-04-07 17:15:42,459 | INFO | 100 rows upserted into latest_prices.
2026-04-07 17:15:42,461 | INFO | Database connection closed after insert process.
2026-04-07 17:15:42,464 | INFO | Starting archive process for rows older than 1440 minutes.
2026-04-07 17:15:42,466 | INFO | 0 rows moved to price_history_archive.
2026-04-07 17:15:42,466 | INFO | 0 rows deleted from price_history.
2026-04-07 17:15:42,466 | INFO | Database connection closed after archive process.
2026-04-07 17:15:42,466 | INFO | Pipeline run completed successfully.
2026-04-07 17:15:52,140 | INFO | Pipeline run started.
2026-04-07 17:15:52,242 | INFO | Starting database insert process.
2026-04-07 17:15:52,277 | INFO | 0 rows inserted into price_history.
2026-04-07 17:15:52,277 | INFO | 100 rows upserted into latest_prices.
2026-04-07 17:15:52,277 | INFO | Database connection closed after insert process.
2026-04-07 17:15:52,280 | INFO | Starting archive process for rows older than 1440 minutes.
2026-04-07 17:15:52,280 | INFO | 0 rows moved to price_history_archive.
2026-04-07 17:15:52,280 | INFO | 0 rows deleted from price_history.
2026-04-07 17:15:52,280 | INFO | Database connection closed after archive process.
2026-04-07 17:15:52,280 | INFO | Pipeline run completed successfully.
2026-04-07 17:20:53,002 | INFO | Pipeline run started.
2026-04-07 17:20:53,347 | INFO | Starting database insert process.
2026-04-07 17:20:53,397 | INFO | 100 rows inserted into price_history.
2026-04-07 17:20:53,397 | INFO | 100 rows upserted into latest_prices.
2026-04-07 17:20:53,399 | INFO | Database connection closed after insert process.
2026-04-07 17:20:53,401 | INFO | Starting archive process for rows older than 1440 minutes.
2026-04-07 17:20:53,402 | INFO | 0 rows moved to price_history_archive.
2026-04-07 17:20:53,402 | INFO | 0 rows deleted from price_history.
2026-04-07 17:20:53,402 | INFO | Database connection closed after archive process.
2026-04-07 17:20:53,402 | INFO | Pipeline run completed successfully.
2026-04-07 17:25:53,909 | INFO | Pipeline run started.
2026-04-07 17:25:54,165 | INFO | Starting database insert process.
2026-04-07 17:25:54,213 | INFO | 100 rows inserted into price_history.
2026-04-07 17:25:54,213 | INFO | 100 rows upserted into latest_prices.
2026-04-07 17:25:54,214 | INFO | Database connection closed after insert process.
2026-04-07 17:25:54,216 | INFO | Starting archive process for rows older than 1440 minutes.
2026-04-07 17:25:54,217 | INFO | 0 rows moved to price_history_archive.
2026-04-07 17:25:54,217 | INFO | 0 rows deleted from price_history.
2026-04-07 17:25:54,217 | INFO | Database connection closed after archive process.
2026-04-07 17:25:54,217 | INFO | Pipeline run completed successfully.
2026-04-07 17:30:54,752 | INFO | Pipeline run started.
2026-04-07 17:30:55,019 | INFO | Starting database insert process.
2026-04-07 17:30:55,086 | INFO | 100 rows inserted into price_history.
2026-04-07 17:30:55,086 | INFO | 100 rows upserted into latest_prices.
2026-04-07 17:30:55,086 | INFO | Database connection closed after insert process.
2026-04-07 17:30:55,089 | INFO | Starting archive process for rows older than 1440 minutes.
2026-04-07 17:30:55,091 | INFO | 0 rows moved to price_history_archive.
2026-04-07 17:30:55,091 | INFO | 0 rows deleted from price_history.
2026-04-07 17:30:55,091 | INFO | Database connection closed after archive process.
2026-04-07 17:30:55,091 | INFO | Pipeline run completed successfully.
2026-04-07 17:35:55,656 | INFO | Pipeline run started.
2026-04-07 17:35:58,977 | INFO | Starting database insert process.
2026-04-07 17:35:59,035 | INFO | 100 rows inserted into price_history.
2026-04-07 17:35:59,035 | INFO | 100 rows upserted into latest_prices.
2026-04-07 17:35:59,035 | INFO | Database connection closed after insert process.
2026-04-07 17:35:59,038 | INFO | Starting archive process for rows older than 1440 minutes.
2026-04-07 17:35:59,039 | INFO | 0 rows moved to price_history_archive.
2026-04-07 17:35:59,039 | INFO | 0 rows deleted from price_history.
2026-04-07 17:35:59,040 | INFO | Database connection closed after archive process.
2026-04-07 17:35:59,040 | INFO | Pipeline run completed successfully.
2026-04-07 17:40:59,563 | INFO | Pipeline run started.
2026-04-07 17:40:59,688 | INFO | Starting database insert process.
2026-04-07 17:40:59,729 | INFO | 26 rows inserted into price_history.
2026-04-07 17:40:59,729 | INFO | 100 rows upserted into latest_prices.
2026-04-07 17:40:59,729 | INFO | Database connection closed after insert process.
2026-04-07 17:40:59,731 | INFO | Starting archive process for rows older than 1440 minutes.
2026-04-07 17:40:59,732 | INFO | 0 rows moved to price_history_archive.
2026-04-07 17:40:59,732 | INFO | 0 rows deleted from price_history.
2026-04-07 17:40:59,732 | INFO | Database connection closed after archive process.
2026-04-07 17:40:59,732 | INFO | Pipeline run completed successfully.
2026-04-07 17:46:00,241 | INFO | Pipeline run started.
2026-04-07 17:46:00,358 | INFO | Starting database insert process.
2026-04-07 17:46:00,405 | INFO | 100 rows inserted into price_history.
2026-04-07 17:46:00,405 | INFO | 100 rows upserted into latest_prices.
2026-04-07 17:46:00,406 | INFO | Database connection closed after insert process.
2026-04-07 17:46:00,409 | INFO | Starting archive process for rows older than 1440 minutes.
2026-04-07 17:46:00,410 | INFO | 0 rows moved to price_history_archive.
2026-04-07 17:46:00,410 | INFO | 0 rows deleted from price_history.
2026-04-07 17:46:00,410 | INFO | Database connection closed after archive process.
2026-04-07 17:46:00,410 | INFO | Pipeline run completed successfully.
2026-04-07 17:51:00,896 | INFO | Pipeline run started.
2026-04-07 17:51:01,017 | INFO | Starting database insert process.
2026-04-07 17:51:01,060 | INFO | 100 rows inserted into price_history.
2026-04-07 17:51:01,060 | INFO | 100 rows upserted into latest_prices.
2026-04-07 17:51:01,060 | INFO | Database connection closed after insert process.
2026-04-07 17:51:01,061 | INFO | Starting archive process for rows older than 1440 minutes.
2026-04-07 17:51:01,063 | INFO | 0 rows moved to price_history_archive.
2026-04-07 17:51:01,063 | INFO | 0 rows deleted from price_history.
2026-04-07 17:51:01,063 | INFO | Database connection closed after archive process.
2026-04-07 17:51:01,063 | INFO | Pipeline run completed successfully.
2026-04-07 17:56:01,525 | INFO | Pipeline run started.
2026-04-07 17:56:04,822 | INFO | Starting database insert process.
2026-04-07 17:56:04,878 | INFO | 100 rows inserted into price_history.
2026-04-07 17:56:04,878 | INFO | 100 rows upserted into latest_prices.
2026-04-07 17:56:04,878 | INFO | Database connection closed after insert process.
2026-04-07 17:56:04,881 | INFO | Starting archive process for rows older than 1440 minutes.
2026-04-07 17:56:04,883 | INFO | 0 rows moved to price_history_archive.
2026-04-07 17:56:04,883 | INFO | 0 rows deleted from price_history.
2026-04-07 17:56:04,884 | INFO | Database connection closed after archive process.
2026-04-07 17:56:04,884 | INFO | Pipeline run completed successfully.
2026-04-07 18:01:05,364 | INFO | Pipeline run started.
2026-04-07 18:01:05,485 | INFO | Starting database insert process.
2026-04-07 18:01:05,528 | INFO | 100 rows inserted into price_history.
2026-04-07 18:01:05,528 | INFO | 100 rows upserted into latest_prices.
2026-04-07 18:01:05,528 | INFO | Database connection closed after insert process.
2026-04-07 18:01:05,530 | INFO | Starting archive process for rows older than 1440 minutes.
2026-04-07 18:01:05,531 | INFO | 0 rows moved to price_history_archive.
2026-04-07 18:01:05,532 | INFO | 0 rows deleted from price_history.
2026-04-07 18:01:05,532 | INFO | Database connection closed after archive process.
2026-04-07 18:01:05,532 | INFO | Pipeline run completed successfully.
2026-04-07 18:06:06,012 | INFO | Pipeline run started.
2026-04-07 18:06:06,131 | INFO | Starting database insert process.
2026-04-07 18:06:06,172 | INFO | 100 rows inserted into price_history.
2026-04-07 18:06:06,172 | INFO | 100 rows upserted into latest_prices.
2026-04-07 18:06:06,172 | INFO | Database connection closed after insert process.
2026-04-07 18:06:06,173 | INFO | Starting archive process for rows older than 1440 minutes.
2026-04-07 18:06:06,175 | INFO | 0 rows moved to price_history_archive.
2026-04-07 18:06:06,175 | INFO | 0 rows deleted from price_history.
2026-04-07 18:06:06,175 | INFO | Database connection closed after archive process.
2026-04-07 18:06:06,175 | INFO | Pipeline run completed successfully.
2026-04-07 18:11:06,668 | INFO | Pipeline run started.
2026-04-07 18:11:06,813 | INFO | Starting database insert process.
2026-04-07 18:11:06,849 | INFO | 0 rows inserted into price_history.
2026-04-07 18:11:06,849 | INFO | 100 rows upserted into latest_prices.
2026-04-07 18:11:06,849 | INFO | Database connection closed after insert process.
2026-04-07 18:11:06,852 | INFO | Starting archive process for rows older than 1440 minutes.
2026-04-07 18:11:06,853 | INFO | 0 rows moved to price_history_archive.
2026-04-07 18:11:06,853 | INFO | 0 rows deleted from price_history.
2026-04-07 18:11:06,853 | INFO | Database connection closed after archive process.
2026-04-07 18:11:06,853 | INFO | Pipeline run completed successfully.
2026-04-07 18:16:07,335 | INFO | Pipeline run started.
2026-04-07 18:16:07,463 | INFO | Starting database insert process.
2026-04-07 18:16:07,508 | INFO | 100 rows inserted into price_history.
2026-04-07 18:16:07,508 | INFO | 100 rows upserted into latest_prices.
2026-04-07 18:16:07,508 | INFO | Database connection closed after insert process.
2026-04-07 18:16:07,510 | INFO | Starting archive process for rows older than 1440 minutes.
2026-04-07 18:16:07,511 | INFO | 0 rows moved to price_history_archive.
2026-04-07 18:16:07,511 | INFO | 0 rows deleted from price_history.
2026-04-07 18:16:07,511 | INFO | Database connection closed after archive process.
2026-04-07 18:16:07,511 | INFO | Pipeline run completed successfully.
2026-04-07 18:21:07,990 | INFO | Pipeline run started.
2026-04-07 18:21:08,115 | INFO | Starting database insert process.
2026-04-07 18:21:08,158 | INFO | 100 rows inserted into price_history.
2026-04-07 18:21:08,158 | INFO | 100 rows upserted into latest_prices.
2026-04-07 18:21:08,158 | INFO | Database connection closed after insert process.
2026-04-07 18:21:08,160 | INFO | Starting archive process for rows older than 1440 minutes.
2026-04-07 18:21:08,162 | INFO | 0 rows moved to price_history_archive.
2026-04-07 18:21:08,162 | INFO | 0 rows deleted from price_history.
2026-04-07 18:21:08,162 | INFO | Database connection closed after archive process.
2026-04-07 18:21:08,162 | INFO | Pipeline run completed successfully.
2026-04-07 18:26:08,701 | INFO | Pipeline run started.
2026-04-07 18:26:08,815 | INFO | Starting database insert process.
2026-04-07 18:26:08,847 | INFO | 0 rows inserted into price_history.
2026-04-07 18:26:08,847 | INFO | 100 rows upserted into latest_prices.
2026-04-07 18:26:08,847 | INFO | Database connection closed after insert process.
2026-04-07 18:26:08,849 | INFO | Starting archive process for rows older than 1440 minutes.
2026-04-07 18:26:08,851 | INFO | 0 rows moved to price_history_archive.
2026-04-07 18:26:08,851 | INFO | 0 rows deleted from price_history.
2026-04-07 18:26:08,851 | INFO | Database connection closed after archive process.
2026-04-07 18:26:08,851 | INFO | Pipeline run completed successfully.
2026-04-07 18:31:09,368 | INFO | Pipeline run started.
2026-04-07 18:31:09,489 | INFO | Starting database insert process.
2026-04-07 18:31:09,537 | INFO | 100 rows inserted into price_history.
2026-04-07 18:31:09,537 | INFO | 100 rows upserted into latest_prices.
2026-04-07 18:31:09,537 | INFO | Database connection closed after insert process.
2026-04-07 18:31:09,539 | INFO | Starting archive process for rows older than 1440 minutes.
2026-04-07 18:31:09,541 | INFO | 0 rows moved to price_history_archive.
2026-04-07 18:31:09,541 | INFO | 0 rows deleted from price_history.
2026-04-07 18:31:09,541 | INFO | Database connection closed after archive process.
2026-04-07 18:31:09,542 | INFO | Pipeline run completed successfully.
2026-04-07 18:36:10,038 | INFO | Pipeline run started.
2026-04-07 18:36:13,341 | INFO | Starting database insert process.
2026-04-07 18:36:13,390 | INFO | 100 rows inserted into price_history.
2026-04-07 18:36:13,390 | INFO | 100 rows upserted into latest_prices.
2026-04-07 18:36:13,390 | INFO | Database connection closed after insert process.
2026-04-07 18:36:13,392 | INFO | Starting archive process for rows older than 1440 minutes.
2026-04-07 18:36:13,395 | INFO | 0 rows moved to price_history_archive.
2026-04-07 18:36:13,395 | INFO | 0 rows deleted from price_history.
2026-04-07 18:36:13,395 | INFO | Database connection closed after archive process.
2026-04-07 18:36:13,395 | INFO | Pipeline run completed successfully.
2026-04-07 18:41:13,923 | INFO | Pipeline run started.
2026-04-07 18:41:14,190 | INFO | Starting database insert process.
2026-04-07 18:41:14,242 | INFO | 100 rows inserted into price_history.
2026-04-07 18:41:14,242 | INFO | 100 rows upserted into latest_prices.
2026-04-07 18:41:14,242 | INFO | Database connection closed after insert process.
2026-04-07 18:41:14,244 | INFO | Starting archive process for rows older than 1440 minutes.
2026-04-07 18:41:14,246 | INFO | 0 rows moved to price_history_archive.
2026-04-07 18:41:14,246 | INFO | 0 rows deleted from price_history.
2026-04-07 18:41:14,246 | INFO | Database connection closed after archive process.
2026-04-07 18:41:14,246 | INFO | Pipeline run completed successfully.
2026-04-07 18:46:14,728 | INFO | Pipeline run started.
2026-04-07 18:46:14,974 | INFO | Starting database insert process.
2026-04-07 18:46:15,023 | INFO | 51 rows inserted into price_history.
2026-04-07 18:46:15,023 | INFO | 100 rows upserted into latest_prices.
2026-04-07 18:46:15,023 | INFO | Database connection closed after insert process.
2026-04-07 18:46:15,026 | INFO | Starting archive process for rows older than 1440 minutes.
2026-04-07 18:46:15,029 | INFO | 0 rows moved to price_history_archive.
2026-04-07 18:46:15,029 | INFO | 0 rows deleted from price_history.
2026-04-07 18:46:15,029 | INFO | Database connection closed after archive process.
2026-04-07 18:46:15,029 | INFO | Pipeline run completed successfully.
2026-04-07 18:51:15,532 | INFO | Pipeline run started.
2026-04-07 18:51:15,810 | INFO | Starting database insert process.
2026-04-07 18:51:15,862 | INFO | 49 rows inserted into price_history.
2026-04-07 18:51:15,862 | INFO | 100 rows upserted into latest_prices.
2026-04-07 18:51:15,862 | INFO | Database connection closed after insert process.
2026-04-07 18:51:15,865 | INFO | Starting archive process for rows older than 1440 minutes.
2026-04-07 18:51:15,869 | INFO | 0 rows moved to price_history_archive.
2026-04-07 18:51:15,869 | INFO | 0 rows deleted from price_history.
2026-04-07 18:51:15,869 | INFO | Database connection closed after archive process.
2026-04-07 18:51:15,869 | INFO | Pipeline run completed successfully.
2026-04-07 18:56:16,369 | INFO | Pipeline run started.
2026-04-07 18:56:19,786 | INFO | Starting database insert process.
2026-04-07 18:56:19,842 | INFO | 100 rows inserted into price_history.
2026-04-07 18:56:19,842 | INFO | 100 rows upserted into latest_prices.
2026-04-07 18:56:19,842 | INFO | Database connection closed after insert process.
2026-04-07 18:56:19,846 | INFO | Starting archive process for rows older than 1440 minutes.
2026-04-07 18:56:19,849 | INFO | 0 rows moved to price_history_archive.
2026-04-07 18:56:19,849 | INFO | 0 rows deleted from price_history.
2026-04-07 18:56:19,849 | INFO | Database connection closed after archive process.
2026-04-07 18:56:19,849 | INFO | Pipeline run completed successfully.
2026-04-07 19:01:20,353 | INFO | Pipeline run started.
2026-04-07 19:01:20,629 | INFO | Starting database insert process.
2026-04-07 19:01:20,685 | INFO | 100 rows inserted into price_history.
2026-04-07 19:01:20,685 | INFO | 100 rows upserted into latest_prices.
2026-04-07 19:01:20,685 | INFO | Database connection closed after insert process.
2026-04-07 19:01:20,688 | INFO | Starting archive process for rows older than 1440 minutes.
2026-04-07 19:01:20,691 | INFO | 0 rows moved to price_history_archive.
2026-04-07 19:01:20,691 | INFO | 0 rows deleted from price_history.
2026-04-07 19:01:20,691 | INFO | Database connection closed after archive process.
2026-04-07 19:01:20,691 | INFO | Pipeline run completed successfully.
2026-04-07 19:06:21,202 | INFO | Pipeline run started.
2026-04-07 19:06:24,627 | INFO | Starting database insert process.
2026-04-07 19:06:24,680 | INFO | 100 rows inserted into price_history.
2026-04-07 19:06:24,680 | INFO | 100 rows upserted into latest_prices.
2026-04-07 19:06:24,680 | INFO | Database connection closed after insert process.
2026-04-07 19:06:24,683 | INFO | Starting archive process for rows older than 1440 minutes.
2026-04-07 19:06:24,687 | INFO | 0 rows moved to price_history_archive.
2026-04-07 19:06:24,687 | INFO | 0 rows deleted from price_history.
2026-04-07 19:06:24,687 | INFO | Database connection closed after archive process.
2026-04-07 19:06:24,687 | INFO | Pipeline run completed successfully.
2026-04-07 19:11:25,188 | INFO | Pipeline run started.
2026-04-07 19:11:28,638 | INFO | Starting database insert process.
2026-04-07 19:11:28,693 | INFO | 100 rows inserted into price_history.
2026-04-07 19:11:28,693 | INFO | 100 rows upserted into latest_prices.
2026-04-07 19:11:28,693 | INFO | Database connection closed after insert process.
2026-04-07 19:11:28,696 | INFO | Starting archive process for rows older than 1440 minutes.
2026-04-07 19:11:28,701 | INFO | 0 rows moved to price_history_archive.
2026-04-07 19:11:28,701 | INFO | 0 rows deleted from price_history.
2026-04-07 19:11:28,701 | INFO | Database connection closed after archive process.
2026-04-07 19:11:28,701 | INFO | Pipeline run completed successfully.
2026-04-07 19:16:29,207 | INFO | Pipeline run started.
2026-04-07 19:16:32,615 | INFO | Starting database insert process.
2026-04-07 19:16:32,680 | INFO | 100 rows inserted into price_history.
2026-04-07 19:16:32,680 | INFO | 100 rows upserted into latest_prices.
2026-04-07 19:16:32,680 | INFO | Database connection closed after insert process.
2026-04-07 19:16:32,684 | INFO | Starting archive process for rows older than 1440 minutes.
2026-04-07 19:16:32,687 | INFO | 0 rows moved to price_history_archive.
2026-04-07 19:16:32,687 | INFO | 0 rows deleted from price_history.
2026-04-07 19:16:32,687 | INFO | Database connection closed after archive process.
2026-04-07 19:16:32,687 | INFO | Pipeline run completed successfully.
2026-04-07 19:21:33,193 | INFO | Pipeline run started.
2026-04-07 19:21:36,574 | INFO | Starting database insert process.
2026-04-07 19:21:36,626 | INFO | 100 rows inserted into price_history.
2026-04-07 19:21:36,626 | INFO | 100 rows upserted into latest_prices.
2026-04-07 19:21:36,626 | INFO | Database connection closed after insert process.
2026-04-07 19:21:36,629 | INFO | Starting archive process for rows older than 1440 minutes.
2026-04-07 19:21:36,633 | INFO | 0 rows moved to price_history_archive.
2026-04-07 19:21:36,633 | INFO | 0 rows deleted from price_history.
2026-04-07 19:21:36,633 | INFO | Database connection closed after archive process.
2026-04-07 19:21:36,633 | INFO | Pipeline run completed successfully.
2026-04-07 19:26:37,126 | INFO | Pipeline run started.
2026-04-07 19:26:37,393 | INFO | Starting database insert process.
2026-04-07 19:26:37,448 | INFO | 100 rows inserted into price_history.
2026-04-07 19:26:37,448 | INFO | 100 rows upserted into latest_prices.
2026-04-07 19:26:37,449 | INFO | Database connection closed after insert process.
2026-04-07 19:26:37,452 | INFO | Starting archive process for rows older than 1440 minutes.
2026-04-07 19:26:37,455 | INFO | 0 rows moved to price_history_archive.
2026-04-07 19:26:37,455 | INFO | 0 rows deleted from price_history.
2026-04-07 19:26:37,455 | INFO | Database connection closed after archive process.
2026-04-07 19:26:37,455 | INFO | Pipeline run completed successfully.
2026-04-07 19:31:37,996 | INFO | Pipeline run started.
2026-04-07 19:31:38,279 | INFO | Starting database insert process.
2026-04-07 19:31:38,333 | INFO | 100 rows inserted into price_history.
2026-04-07 19:31:38,333 | INFO | 100 rows upserted into latest_prices.
2026-04-07 19:31:38,333 | INFO | Database connection closed after insert process.
2026-04-07 19:31:38,336 | INFO | Starting archive process for rows older than 1440 minutes.
2026-04-07 19:31:38,340 | INFO | 0 rows moved to price_history_archive.
2026-04-07 19:31:38,340 | INFO | 0 rows deleted from price_history.
2026-04-07 19:31:38,340 | INFO | Database connection closed after archive process.
2026-04-07 19:31:38,340 | INFO | Pipeline run completed successfully.
2026-04-07 19:36:38,856 | INFO | Pipeline run started.
2026-04-07 19:36:39,133 | INFO | Starting database insert process.
2026-04-07 19:36:39,190 | INFO | 100 rows inserted into price_history.
2026-04-07 19:36:39,190 | INFO | 100 rows upserted into latest_prices.
2026-04-07 19:36:39,190 | INFO | Database connection closed after insert process.
2026-04-07 19:36:39,194 | INFO | Starting archive process for rows older than 1440 minutes.
2026-04-07 19:36:39,198 | INFO | 0 rows moved to price_history_archive.
2026-04-07 19:36:39,198 | INFO | 0 rows deleted from price_history.
2026-04-07 19:36:39,198 | INFO | Database connection closed after archive process.
2026-04-07 19:36:39,198 | INFO | Pipeline run completed successfully.
2026-04-07 19:41:39,704 | INFO | Pipeline run started.
2026-04-07 19:41:39,957 | INFO | Starting database insert process.
2026-04-07 19:41:40,000 | INFO | 0 rows inserted into price_history.
2026-04-07 19:41:40,000 | INFO | 100 rows upserted into latest_prices.
2026-04-07 19:41:40,001 | INFO | Database connection closed after insert process.
2026-04-07 19:41:40,004 | INFO | Starting archive process for rows older than 1440 minutes.
2026-04-07 19:41:40,008 | INFO | 0 rows moved to price_history_archive.
2026-04-07 19:41:40,008 | INFO | 0 rows deleted from price_history.
2026-04-07 19:41:40,008 | INFO | Database connection closed after archive process.
2026-04-07 19:41:40,008 | INFO | Pipeline run completed successfully.
2026-04-07 19:46:40,509 | INFO | Pipeline run started.
2026-04-07 19:46:40,778 | INFO | Starting database insert process.
2026-04-07 19:46:40,832 | INFO | 100 rows inserted into price_history.
2026-04-07 19:46:40,832 | INFO | 100 rows upserted into latest_prices.
2026-04-07 19:46:40,832 | INFO | Database connection closed after insert process.
2026-04-07 19:46:40,835 | INFO | Starting archive process for rows older than 1440 minutes.
2026-04-07 19:46:40,839 | INFO | 0 rows moved to price_history_archive.
2026-04-07 19:46:40,840 | INFO | 0 rows deleted from price_history.
2026-04-07 19:46:40,840 | INFO | Database connection closed after archive process.
2026-04-07 19:46:40,840 | INFO | Pipeline run completed successfully.
2026-04-07 19:51:41,379 | INFO | Pipeline run started.
2026-04-07 19:51:44,701 | INFO | Starting database insert process.
2026-04-07 19:51:44,757 | INFO | 100 rows inserted into price_history.
2026-04-07 19:51:44,757 | INFO | 100 rows upserted into latest_prices.
2026-04-07 19:51:44,757 | INFO | Database connection closed after insert process.
2026-04-07 19:51:44,761 | INFO | Starting archive process for rows older than 1440 minutes.
2026-04-07 19:51:44,765 | INFO | 0 rows moved to price_history_archive.
2026-04-07 19:51:44,765 | INFO | 0 rows deleted from price_history.
2026-04-07 19:51:44,765 | INFO | Database connection closed after archive process.
2026-04-07 19:51:44,765 | INFO | Pipeline run completed successfully.
2026-04-07 19:56:45,311 | INFO | Pipeline run started.
2026-04-07 19:56:45,581 | INFO | Starting database insert process.
2026-04-07 19:56:45,640 | INFO | 100 rows inserted into price_history.
2026-04-07 19:56:45,640 | INFO | 100 rows upserted into latest_prices.
2026-04-07 19:56:45,640 | INFO | Database connection closed after insert process.
2026-04-07 19:56:45,644 | INFO | Starting archive process for rows older than 1440 minutes.
2026-04-07 19:56:45,647 | INFO | 0 rows moved to price_history_archive.
2026-04-07 19:56:45,648 | INFO | 0 rows deleted from price_history.
2026-04-07 19:56:45,648 | INFO | Database connection closed after archive process.
2026-04-07 19:56:45,648 | INFO | Pipeline run completed successfully.
2026-04-07 20:01:46,174 | INFO | Pipeline run started.
2026-04-07 20:01:46,444 | INFO | Starting database insert process.
2026-04-07 20:01:46,501 | INFO | 100 rows inserted into price_history.
2026-04-07 20:01:46,501 | INFO | 100 rows upserted into latest_prices.
2026-04-07 20:01:46,501 | INFO | Database connection closed after insert process.
2026-04-07 20:01:46,504 | INFO | Starting archive process for rows older than 1440 minutes.
2026-04-07 20:01:46,508 | INFO | 0 rows moved to price_history_archive.
2026-04-07 20:01:46,508 | INFO | 0 rows deleted from price_history.
2026-04-07 20:01:46,508 | INFO | Database connection closed after archive process.
2026-04-07 20:01:46,508 | INFO | Pipeline run completed successfully.
2026-04-07 20:06:47,238 | INFO | Pipeline run started.
2026-04-07 20:06:47,550 | INFO | Starting database insert process.
2026-04-07 20:06:47,606 | INFO | 100 rows inserted into price_history.
2026-04-07 20:06:47,606 | INFO | 100 rows upserted into latest_prices.
2026-04-07 20:06:47,607 | INFO | Database connection closed after insert process.
2026-04-07 20:06:47,610 | INFO | Starting archive process for rows older than 1440 minutes.
2026-04-07 20:06:47,614 | INFO | 0 rows moved to price_history_archive.
2026-04-07 20:06:47,614 | INFO | 0 rows deleted from price_history.
2026-04-07 20:06:47,614 | INFO | Database connection closed after archive process.
2026-04-07 20:06:47,614 | INFO | Pipeline run completed successfully.
2026-04-07 20:11:48,110 | INFO | Pipeline run started.
2026-04-07 20:11:48,359 | INFO | Starting database insert process.
2026-04-07 20:11:48,413 | INFO | 100 rows inserted into price_history.
2026-04-07 20:11:48,413 | INFO | 100 rows upserted into latest_prices.
2026-04-07 20:11:48,413 | INFO | Database connection closed after insert process.
2026-04-07 20:11:48,416 | INFO | Starting archive process for rows older than 1440 minutes.
2026-04-07 20:11:48,421 | INFO | 0 rows moved to price_history_archive.
2026-04-07 20:11:48,421 | INFO | 0 rows deleted from price_history.
2026-04-07 20:11:48,421 | INFO | Database connection closed after archive process.
2026-04-07 20:11:48,421 | INFO | Pipeline run completed successfully.
2026-04-07 20:16:48,965 | INFO | Pipeline run started.
2026-04-07 20:16:49,235 | INFO | Starting database insert process.
2026-04-07 20:16:49,293 | INFO | 100 rows inserted into price_history.
2026-04-07 20:16:49,293 | INFO | 100 rows upserted into latest_prices.
2026-04-07 20:16:49,294 | INFO | Database connection closed after insert process.
2026-04-07 20:16:49,297 | INFO | Starting archive process for rows older than 1440 minutes.
2026-04-07 20:16:49,302 | INFO | 0 rows moved to price_history_archive.
2026-04-07 20:16:49,302 | INFO | 0 rows deleted from price_history.
2026-04-07 20:16:49,303 | INFO | Database connection closed after archive process.
2026-04-07 20:16:49,303 | INFO | Pipeline run completed successfully.
2026-04-07 20:21:49,795 | INFO | Pipeline run started.
2026-04-07 20:21:50,056 | INFO | Starting database insert process.
2026-04-07 20:21:50,110 | INFO | 100 rows inserted into price_history.
2026-04-07 20:21:50,110 | INFO | 100 rows upserted into latest_prices.
2026-04-07 20:21:50,110 | INFO | Database connection closed after insert process.
2026-04-07 20:21:50,113 | INFO | Starting archive process for rows older than 1440 minutes.
2026-04-07 20:21:50,118 | INFO | 0 rows moved to price_history_archive.
2026-04-07 20:21:50,118 | INFO | 0 rows deleted from price_history.
2026-04-07 20:21:50,118 | INFO | Database connection closed after archive process.
2026-04-07 20:21:50,118 | INFO | Pipeline run completed successfully.
2026-04-07 20:26:50,597 | INFO | Pipeline run started.
2026-04-07 20:26:50,866 | INFO | Starting database insert process.
2026-04-07 20:26:50,909 | INFO | 0 rows inserted into price_history.
2026-04-07 20:26:50,909 | INFO | 100 rows upserted into latest_prices.
2026-04-07 20:26:50,909 | INFO | Database connection closed after insert process.
2026-04-07 20:26:50,913 | INFO | Starting archive process for rows older than 1440 minutes.
2026-04-07 20:26:50,918 | INFO | 0 rows moved to price_history_archive.
2026-04-07 20:26:50,919 | INFO | 0 rows deleted from price_history.
2026-04-07 20:26:50,919 | INFO | Database connection closed after archive process.
2026-04-07 20:26:50,919 | INFO | Pipeline run completed successfully.
2026-04-07 20:31:51,432 | INFO | Pipeline run started.
2026-04-07 20:31:51,692 | INFO | Starting database insert process.
2026-04-07 20:31:51,752 | INFO | 100 rows inserted into price_history.
2026-04-07 20:31:51,752 | INFO | 100 rows upserted into latest_prices.
2026-04-07 20:31:51,752 | INFO | Database connection closed after insert process.
2026-04-07 20:31:51,755 | INFO | Starting archive process for rows older than 1440 minutes.
2026-04-07 20:31:51,759 | INFO | 0 rows moved to price_history_archive.
2026-04-07 20:31:51,760 | INFO | 0 rows deleted from price_history.
2026-04-07 20:31:51,760 | INFO | Database connection closed after archive process.
2026-04-07 20:31:51,760 | INFO | Pipeline run completed successfully.
2026-04-07 20:36:52,390 | INFO | Pipeline run started.
2026-04-07 20:36:52,647 | INFO | Starting database insert process.
2026-04-07 20:36:52,701 | INFO | 100 rows inserted into price_history.
2026-04-07 20:36:52,701 | INFO | 100 rows upserted into latest_prices.
2026-04-07 20:36:52,701 | INFO | Database connection closed after insert process.
2026-04-07 20:36:52,704 | INFO | Starting archive process for rows older than 1440 minutes.
2026-04-07 20:36:52,709 | INFO | 0 rows moved to price_history_archive.
2026-04-07 20:36:52,709 | INFO | 0 rows deleted from price_history.
2026-04-07 20:36:52,709 | INFO | Database connection closed after archive process.
2026-04-07 20:36:52,709 | INFO | Pipeline run completed successfully.
2026-04-07 20:41:53,206 | INFO | Pipeline run started.
2026-04-07 20:41:53,479 | INFO | Starting database insert process.
2026-04-07 20:41:53,529 | INFO | 100 rows inserted into price_history.
2026-04-07 20:41:53,529 | INFO | 100 rows upserted into latest_prices.
2026-04-07 20:41:53,529 | INFO | Database connection closed after insert process.
2026-04-07 20:41:53,532 | INFO | Starting archive process for rows older than 1440 minutes.
2026-04-07 20:41:53,537 | INFO | 0 rows moved to price_history_archive.
2026-04-07 20:41:53,537 | INFO | 0 rows deleted from price_history.
2026-04-07 20:41:53,537 | INFO | Database connection closed after archive process.
2026-04-07 20:41:53,537 | INFO | Pipeline run completed successfully.
2026-04-07 20:46:54,039 | INFO | Pipeline run started.
2026-04-07 20:46:54,287 | INFO | Starting database insert process.
2026-04-07 20:46:54,351 | INFO | 100 rows inserted into price_history.
2026-04-07 20:46:54,351 | INFO | 100 rows upserted into latest_prices.
2026-04-07 20:46:54,352 | INFO | Database connection closed after insert process.
2026-04-07 20:46:54,355 | INFO | Starting archive process for rows older than 1440 minutes.
2026-04-07 20:46:54,360 | INFO | 0 rows moved to price_history_archive.
2026-04-07 20:46:54,360 | INFO | 0 rows deleted from price_history.
2026-04-07 20:46:54,360 | INFO | Database connection closed after archive process.
2026-04-07 20:46:54,360 | INFO | Pipeline run completed successfully.
2026-04-07 20:51:54,880 | INFO | Pipeline run started.
2026-04-07 20:51:55,152 | INFO | Starting database insert process.
2026-04-07 20:51:55,205 | INFO | 100 rows inserted into price_history.
2026-04-07 20:51:55,205 | INFO | 100 rows upserted into latest_prices.
2026-04-07 20:51:55,205 | INFO | Database connection closed after insert process.
2026-04-07 20:51:55,208 | INFO | Starting archive process for rows older than 1440 minutes.
2026-04-07 20:51:55,213 | INFO | 0 rows moved to price_history_archive.
2026-04-07 20:51:55,213 | INFO | 0 rows deleted from price_history.
2026-04-07 20:51:55,214 | INFO | Database connection closed after archive process.
2026-04-07 20:51:55,214 | INFO | Pipeline run completed successfully.
2026-04-07 20:56:55,763 | INFO | Pipeline run started.
2026-04-07 20:56:56,043 | INFO | Starting database insert process.
2026-04-07 20:56:56,113 | INFO | 100 rows inserted into price_history.
2026-04-07 20:56:56,113 | INFO | 100 rows upserted into latest_prices.
2026-04-07 20:56:56,113 | INFO | Database connection closed after insert process.
2026-04-07 20:56:56,116 | INFO | Starting archive process for rows older than 1440 minutes.
2026-04-07 20:56:56,121 | INFO | 0 rows moved to price_history_archive.
2026-04-07 20:56:56,121 | INFO | 0 rows deleted from price_history.
2026-04-07 20:56:56,121 | INFO | Database connection closed after archive process.
2026-04-07 20:56:56,121 | INFO | Pipeline run completed successfully.
2026-04-07 21:01:56,630 | INFO | Pipeline run started.
2026-04-07 21:01:56,773 | INFO | Starting database insert process.
2026-04-07 21:01:56,810 | INFO | 0 rows inserted into price_history.
2026-04-07 21:01:56,810 | INFO | 100 rows upserted into latest_prices.
2026-04-07 21:01:56,811 | INFO | Database connection closed after insert process.
2026-04-07 21:01:56,814 | INFO | Starting archive process for rows older than 1440 minutes.
2026-04-07 21:01:56,820 | INFO | 0 rows moved to price_history_archive.
2026-04-07 21:01:56,820 | INFO | 0 rows deleted from price_history.
2026-04-07 21:01:56,820 | INFO | Database connection closed after archive process.
2026-04-07 21:01:56,820 | INFO | Pipeline run completed successfully.
2026-04-07 21:06:57,330 | INFO | Pipeline run started.
2026-04-07 21:06:57,450 | INFO | Starting database insert process.
2026-04-07 21:06:57,493 | INFO | 100 rows inserted into price_history.
2026-04-07 21:06:57,493 | INFO | 100 rows upserted into latest_prices.
2026-04-07 21:06:57,493 | INFO | Database connection closed after insert process.
2026-04-07 21:06:57,495 | INFO | Starting archive process for rows older than 1440 minutes.
2026-04-07 21:06:57,499 | INFO | 0 rows moved to price_history_archive.
2026-04-07 21:06:57,499 | INFO | 0 rows deleted from price_history.
2026-04-07 21:06:57,499 | INFO | Database connection closed after archive process.
2026-04-07 21:06:57,499 | INFO | Pipeline run completed successfully.
2026-04-07 21:11:57,992 | INFO | Pipeline run started.
2026-04-07 21:11:58,252 | INFO | Starting database insert process.
2026-04-07 21:11:58,310 | INFO | 100 rows inserted into price_history.
2026-04-07 21:11:58,310 | INFO | 100 rows upserted into latest_prices.
2026-04-07 21:11:58,311 | INFO | Database connection closed after insert process.
2026-04-07 21:11:58,314 | INFO | Starting archive process for rows older than 1440 minutes.
2026-04-07 21:11:58,319 | INFO | 0 rows moved to price_history_archive.
2026-04-07 21:11:58,319 | INFO | 0 rows deleted from price_history.
2026-04-07 21:11:58,319 | INFO | Database connection closed after archive process.
2026-04-07 21:11:58,319 | INFO | Pipeline run completed successfully.
2026-04-07 21:16:58,838 | INFO | Pipeline run started.
2026-04-07 21:16:59,103 | INFO | Starting database insert process.
2026-04-07 21:16:59,156 | INFO | 100 rows inserted into price_history.
2026-04-07 21:16:59,156 | INFO | 100 rows upserted into latest_prices.
2026-04-07 21:16:59,156 | INFO | Database connection closed after insert process.
2026-04-07 21:16:59,159 | INFO | Starting archive process for rows older than 1440 minutes.
2026-04-07 21:16:59,165 | INFO | 0 rows moved to price_history_archive.
2026-04-07 21:16:59,165 | INFO | 0 rows deleted from price_history.
2026-04-07 21:16:59,165 | INFO | Database connection closed after archive process.
2026-04-07 21:16:59,165 | INFO | Pipeline run completed successfully.
2026-04-07 21:21:59,644 | INFO | Pipeline run started.
2026-04-07 21:21:59,893 | INFO | Starting database insert process.
2026-04-07 21:21:59,937 | INFO | 0 rows inserted into price_history.
2026-04-07 21:21:59,937 | INFO | 100 rows upserted into latest_prices.
2026-04-07 21:21:59,937 | INFO | Database connection closed after insert process.
2026-04-07 21:21:59,940 | INFO | Starting archive process for rows older than 1440 minutes.
2026-04-07 21:21:59,946 | INFO | 0 rows moved to price_history_archive.
2026-04-07 21:21:59,946 | INFO | 0 rows deleted from price_history.
2026-04-07 21:21:59,946 | INFO | Database connection closed after archive process.
2026-04-07 21:21:59,946 | INFO | Pipeline run completed successfully.
2026-04-07 21:27:00,459 | INFO | Pipeline run started.
2026-04-07 21:27:03,388 | INFO | Starting database insert process.
2026-04-07 21:27:03,446 | INFO | 100 rows inserted into price_history.
2026-04-07 21:27:03,446 | INFO | 100 rows upserted into latest_prices.
2026-04-07 21:27:03,446 | INFO | Database connection closed after insert process.
2026-04-07 21:27:03,449 | INFO | Starting archive process for rows older than 1440 minutes.
2026-04-07 21:27:03,455 | INFO | 0 rows moved to price_history_archive.
2026-04-07 21:27:03,455 | INFO | 0 rows deleted from price_history.
2026-04-07 21:27:03,455 | INFO | Database connection closed after archive process.
2026-04-07 21:27:03,455 | INFO | Pipeline run completed successfully.
2026-04-07 21:32:03,956 | INFO | Pipeline run started.
2026-04-07 21:32:07,376 | INFO | Starting database insert process.
2026-04-07 21:32:07,431 | INFO | 100 rows inserted into price_history.
2026-04-07 21:32:07,431 | INFO | 100 rows upserted into latest_prices.
2026-04-07 21:32:07,431 | INFO | Database connection closed after insert process.
2026-04-07 21:32:07,435 | INFO | Starting archive process for rows older than 1440 minutes.
2026-04-07 21:32:07,441 | INFO | 0 rows moved to price_history_archive.
2026-04-07 21:32:07,441 | INFO | 0 rows deleted from price_history.
2026-04-07 21:32:07,441 | INFO | Database connection closed after archive process.
2026-04-07 21:32:07,441 | INFO | Pipeline run completed successfully.
2026-04-07 21:37:07,939 | INFO | Pipeline run started.
2026-04-07 21:37:08,215 | INFO | Starting database insert process.
2026-04-07 21:37:08,271 | INFO | 100 rows inserted into price_history.
2026-04-07 21:37:08,271 | INFO | 100 rows upserted into latest_prices.
2026-04-07 21:37:08,271 | INFO | Database connection closed after insert process.
2026-04-07 21:37:08,274 | INFO | Starting archive process for rows older than 1440 minutes.
2026-04-07 21:37:08,280 | INFO | 0 rows moved to price_history_archive.
2026-04-07 21:37:08,280 | INFO | 0 rows deleted from price_history.
2026-04-07 21:37:08,280 | INFO | Database connection closed after archive process.
2026-04-07 21:37:08,280 | INFO | Pipeline run completed successfully.
2026-04-07 21:42:08,793 | INFO | Pipeline run started.
2026-04-07 21:42:09,063 | INFO | Starting database insert process.
2026-04-07 21:42:09,124 | INFO | 100 rows inserted into price_history.
2026-04-07 21:42:09,124 | INFO | 100 rows upserted into latest_prices.
2026-04-07 21:42:09,124 | INFO | Database connection closed after insert process.
2026-04-07 21:42:09,127 | INFO | Starting archive process for rows older than 1440 minutes.
2026-04-07 21:42:09,133 | INFO | 0 rows moved to price_history_archive.
2026-04-07 21:42:09,133 | INFO | 0 rows deleted from price_history.
2026-04-07 21:42:09,133 | INFO | Database connection closed after archive process.
2026-04-07 21:42:09,133 | INFO | Pipeline run completed successfully.
2026-04-07 21:47:09,638 | INFO | Pipeline run started.
2026-04-07 21:47:12,945 | INFO | Starting database insert process.
2026-04-07 21:47:12,999 | INFO | 100 rows inserted into price_history.
2026-04-07 21:47:12,999 | INFO | 100 rows upserted into latest_prices.
2026-04-07 21:47:12,999 | INFO | Database connection closed after insert process.
2026-04-07 21:47:13,002 | INFO | Starting archive process for rows older than 1440 minutes.
2026-04-07 21:47:13,007 | INFO | 0 rows moved to price_history_archive.
2026-04-07 21:47:13,007 | INFO | 0 rows deleted from price_history.
2026-04-07 21:47:13,008 | INFO | Database connection closed after archive process.
2026-04-07 21:47:13,008 | INFO | Pipeline run completed successfully.
2026-04-07 21:52:13,515 | INFO | Pipeline run started.
2026-04-07 21:52:13,785 | INFO | Starting database insert process.
2026-04-07 21:52:13,838 | INFO | 100 rows inserted into price_history.
2026-04-07 21:52:13,838 | INFO | 100 rows upserted into latest_prices.
2026-04-07 21:52:13,838 | INFO | Database connection closed after insert process.
2026-04-07 21:52:13,842 | INFO | Starting archive process for rows older than 1440 minutes.
2026-04-07 21:52:13,849 | INFO | 0 rows moved to price_history_archive.
2026-04-07 21:52:13,849 | INFO | 0 rows deleted from price_history.
2026-04-07 21:52:13,849 | INFO | Database connection closed after archive process.
2026-04-07 21:52:13,849 | INFO | Pipeline run completed successfully.
2026-04-07 21:57:14,347 | INFO | Pipeline run started.
2026-04-07 21:57:17,781 | INFO | Starting database insert process.
2026-04-07 21:57:17,836 | INFO | 100 rows inserted into price_history.
2026-04-07 21:57:17,836 | INFO | 100 rows upserted into latest_prices.
2026-04-07 21:57:17,836 | INFO | Database connection closed after insert process.
2026-04-07 21:57:17,839 | INFO | Starting archive process for rows older than 1440 minutes.
2026-04-07 21:57:17,845 | INFO | 0 rows moved to price_history_archive.
2026-04-07 21:57:17,845 | INFO | 0 rows deleted from price_history.
2026-04-07 21:57:17,845 | INFO | Database connection closed after archive process.
2026-04-07 21:57:17,845 | INFO | Pipeline run completed successfully.
2026-04-07 22:02:18,359 | INFO | Pipeline run started.
2026-04-07 22:02:21,788 | INFO | Starting database insert process.
2026-04-07 22:02:21,838 | INFO | 100 rows inserted into price_history.
2026-04-07 22:02:21,838 | INFO | 100 rows upserted into latest_prices.
2026-04-07 22:02:21,838 | INFO | Database connection closed after insert process.
2026-04-07 22:02:21,841 | INFO | Starting archive process for rows older than 1440 minutes.
2026-04-07 22:02:21,848 | INFO | 0 rows moved to price_history_archive.
2026-04-07 22:02:21,848 | INFO | 0 rows deleted from price_history.
2026-04-07 22:02:21,848 | INFO | Database connection closed after archive process.
2026-04-07 22:02:21,848 | INFO | Pipeline run completed successfully.
2026-04-07 22:07:22,348 | INFO | Pipeline run started.
2026-04-07 22:07:22,621 | INFO | Starting database insert process.
2026-04-07 22:07:22,675 | INFO | 100 rows inserted into price_history.
2026-04-07 22:07:22,675 | INFO | 100 rows upserted into latest_prices.
2026-04-07 22:07:22,675 | INFO | Database connection closed after insert process.
2026-04-07 22:07:22,678 | INFO | Starting archive process for rows older than 1440 minutes.
2026-04-07 22:07:22,684 | INFO | 0 rows moved to price_history_archive.
2026-04-07 22:07:22,684 | INFO | 0 rows deleted from price_history.
2026-04-07 22:07:22,684 | INFO | Database connection closed after archive process.
2026-04-07 22:07:22,684 | INFO | Pipeline run completed successfully.
2026-04-07 22:12:23,190 | INFO | Pipeline run started.
2026-04-07 22:12:23,430 | INFO | Starting database insert process.
2026-04-07 22:12:23,481 | INFO | 100 rows inserted into price_history.
2026-04-07 22:12:23,481 | INFO | 100 rows upserted into latest_prices.
2026-04-07 22:12:23,481 | INFO | Database connection closed after insert process.
2026-04-07 22:12:23,484 | INFO | Starting archive process for rows older than 1440 minutes.
2026-04-07 22:12:23,490 | INFO | 0 rows moved to price_history_archive.
2026-04-07 22:12:23,490 | INFO | 0 rows deleted from price_history.
2026-04-07 22:12:23,490 | INFO | Database connection closed after archive process.
2026-04-07 22:12:23,490 | INFO | Pipeline run completed successfully.
2026-04-07 22:48:51,555 | INFO | Pipeline run started.
2026-04-07 22:48:52,196 | INFO | Starting database insert process.
2026-04-07 22:48:52,261 | INFO | 100 rows inserted into price_history.
2026-04-07 22:48:52,261 | INFO | 100 rows upserted into latest_prices.
2026-04-07 22:48:52,261 | INFO | Database connection closed after insert process.
2026-04-07 22:48:52,264 | INFO | Starting archive process for rows older than 1440 minutes.
2026-04-07 22:48:52,271 | INFO | 0 rows moved to price_history_archive.
2026-04-07 22:48:52,271 | INFO | 0 rows deleted from price_history.
2026-04-07 22:48:52,271 | INFO | Database connection closed after archive process.
2026-04-07 22:48:52,271 | INFO | Pipeline run completed successfully.
2026-04-07 22:53:52,839 | INFO | Pipeline run started.
2026-04-07 22:53:53,103 | INFO | Starting database insert process.
2026-04-07 22:53:53,166 | INFO | 100 rows inserted into price_history.
2026-04-07 22:53:53,166 | INFO | 100 rows upserted into latest_prices.
2026-04-07 22:53:53,166 | INFO | Database connection closed after insert process.
2026-04-07 22:53:53,169 | INFO | Starting archive process for rows older than 1440 minutes.
2026-04-07 22:53:53,176 | INFO | 0 rows moved to price_history_archive.
2026-04-07 22:53:53,176 | INFO | 0 rows deleted from price_history.
2026-04-07 22:53:53,176 | INFO | Database connection closed after archive process.
2026-04-07 22:53:53,176 | INFO | Pipeline run completed successfully.
2026-04-07 22:58:53,696 | INFO | Pipeline run started.
2026-04-07 22:58:53,821 | INFO | Starting database insert process.
2026-04-07 22:58:53,859 | INFO | 0 rows inserted into price_history.
2026-04-07 22:58:53,859 | INFO | 100 rows upserted into latest_prices.
2026-04-07 22:58:53,859 | INFO | Database connection closed after insert process.
2026-04-07 22:58:53,861 | INFO | Starting archive process for rows older than 1440 minutes.
2026-04-07 22:58:53,867 | INFO | 0 rows moved to price_history_archive.
2026-04-07 22:58:53,867 | INFO | 0 rows deleted from price_history.
2026-04-07 22:58:53,867 | INFO | Database connection closed after archive process.
2026-04-07 22:58:53,867 | INFO | Pipeline run completed successfully.
2026-04-07 23:03:54,358 | INFO | Pipeline run started.
2026-04-07 23:03:54,623 | INFO | Starting database insert process.
2026-04-07 23:03:54,677 | INFO | 100 rows inserted into price_history.
2026-04-07 23:03:54,677 | INFO | 100 rows upserted into latest_prices.
2026-04-07 23:03:54,677 | INFO | Database connection closed after insert process.
2026-04-07 23:03:54,680 | INFO | Starting archive process for rows older than 1440 minutes.
2026-04-07 23:03:54,686 | INFO | 0 rows moved to price_history_archive.
2026-04-07 23:03:54,686 | INFO | 0 rows deleted from price_history.
2026-04-07 23:03:54,686 | INFO | Database connection closed after archive process.
2026-04-07 23:03:54,686 | INFO | Pipeline run completed successfully.
2026-04-07 23:08:55,182 | INFO | Pipeline run started.
2026-04-07 23:08:55,442 | INFO | Starting database insert process.
2026-04-07 23:08:55,496 | INFO | 100 rows inserted into price_history.
2026-04-07 23:08:55,496 | INFO | 100 rows upserted into latest_prices.
2026-04-07 23:08:55,496 | INFO | Database connection closed after insert process.
2026-04-07 23:08:55,500 | INFO | Starting archive process for rows older than 1440 minutes.
2026-04-07 23:08:55,507 | INFO | 0 rows moved to price_history_archive.
2026-04-07 23:08:55,507 | INFO | 0 rows deleted from price_history.
2026-04-07 23:08:55,507 | INFO | Database connection closed after archive process.
2026-04-07 23:08:55,507 | INFO | Pipeline run completed successfully.
2026-04-07 23:13:56,025 | INFO | Pipeline run started.
2026-04-07 23:13:56,293 | INFO | Starting database insert process.
2026-04-07 23:13:56,346 | INFO | 100 rows inserted into price_history.
2026-04-07 23:13:56,346 | INFO | 100 rows upserted into latest_prices.
2026-04-07 23:13:56,347 | INFO | Database connection closed after insert process.
2026-04-07 23:13:56,349 | INFO | Starting archive process for rows older than 1440 minutes.
2026-04-07 23:13:56,356 | INFO | 0 rows moved to price_history_archive.
2026-04-07 23:13:56,356 | INFO | 0 rows deleted from price_history.
2026-04-07 23:13:56,356 | INFO | Database connection closed after archive process.
2026-04-07 23:13:56,356 | INFO | Pipeline run completed successfully.
2026-04-07 23:18:56,871 | INFO | Pipeline run started.
2026-04-07 23:18:57,126 | INFO | Starting database insert process.
2026-04-07 23:18:57,183 | INFO | 100 rows inserted into price_history.
2026-04-07 23:18:57,183 | INFO | 100 rows upserted into latest_prices.
2026-04-07 23:18:57,183 | INFO | Database connection closed after insert process.
2026-04-07 23:18:57,186 | INFO | Starting archive process for rows older than 1440 minutes.
2026-04-07 23:18:57,193 | INFO | 0 rows moved to price_history_archive.
2026-04-07 23:18:57,193 | INFO | 0 rows deleted from price_history.
2026-04-07 23:18:57,194 | INFO | Database connection closed after archive process.
2026-04-07 23:18:57,194 | INFO | Pipeline run completed successfully.
2026-04-07 23:23:57,701 | INFO | Pipeline run started.
2026-04-07 23:23:57,966 | INFO | Starting database insert process.
2026-04-07 23:23:58,009 | INFO | 18 rows inserted into price_history.
2026-04-07 23:23:58,009 | INFO | 100 rows upserted into latest_prices.
2026-04-07 23:23:58,009 | INFO | Database connection closed after insert process.
2026-04-07 23:23:58,012 | INFO | Starting archive process for rows older than 1440 minutes.
2026-04-07 23:23:58,020 | INFO | 0 rows moved to price_history_archive.
2026-04-07 23:23:58,020 | INFO | 0 rows deleted from price_history.
2026-04-07 23:23:58,020 | INFO | Database connection closed after archive process.
2026-04-07 23:23:58,020 | INFO | Pipeline run completed successfully.
2026-04-07 23:28:58,517 | INFO | Pipeline run started.
2026-04-07 23:28:58,781 | INFO | Starting database insert process.
2026-04-07 23:28:58,833 | INFO | 82 rows inserted into price_history.
2026-04-07 23:28:58,833 | INFO | 100 rows upserted into latest_prices.
2026-04-07 23:28:58,833 | INFO | Database connection closed after insert process.
2026-04-07 23:28:58,836 | INFO | Starting archive process for rows older than 1440 minutes.
2026-04-07 23:28:58,843 | INFO | 0 rows moved to price_history_archive.
2026-04-07 23:28:58,843 | INFO | 0 rows deleted from price_history.
2026-04-07 23:28:58,844 | INFO | Database connection closed after archive process.
2026-04-07 23:28:58,844 | INFO | Pipeline run completed successfully.
2026-04-07 23:33:59,368 | INFO | Pipeline run started.
2026-04-07 23:33:59,635 | INFO | Starting database insert process.
2026-04-07 23:33:59,693 | INFO | 100 rows inserted into price_history.
2026-04-07 23:33:59,694 | INFO | 100 rows upserted into latest_prices.
2026-04-07 23:33:59,694 | INFO | Database connection closed after insert process.
2026-04-07 23:33:59,697 | INFO | Starting archive process for rows older than 1440 minutes.
2026-04-07 23:33:59,703 | INFO | 0 rows moved to price_history_archive.
2026-04-07 23:33:59,703 | INFO | 0 rows deleted from price_history.
2026-04-07 23:33:59,704 | INFO | Database connection closed after archive process.
2026-04-07 23:33:59,704 | INFO | Pipeline run completed successfully.
2026-04-07 23:39:00,199 | INFO | Pipeline run started.
2026-04-07 23:39:00,465 | INFO | Starting database insert process.
2026-04-07 23:39:00,521 | INFO | 100 rows inserted into price_history.
2026-04-07 23:39:00,521 | INFO | 100 rows upserted into latest_prices.
2026-04-07 23:39:00,521 | INFO | Database connection closed after insert process.
2026-04-07 23:39:00,524 | INFO | Starting archive process for rows older than 1440 minutes.
2026-04-07 23:39:00,531 | INFO | 0 rows moved to price_history_archive.
2026-04-07 23:39:00,531 | INFO | 0 rows deleted from price_history.
2026-04-07 23:39:00,531 | INFO | Database connection closed after archive process.
2026-04-07 23:39:00,531 | INFO | Pipeline run completed successfully.
2026-04-07 23:44:01,036 | INFO | Pipeline run started.
2026-04-07 23:44:04,430 | INFO | Starting database insert process.
2026-04-07 23:44:04,471 | INFO | 100 rows inserted into price_history.
2026-04-07 23:44:04,471 | INFO | 100 rows upserted into latest_prices.
2026-04-07 23:44:04,471 | INFO | Database connection closed after insert process.
2026-04-07 23:44:04,473 | INFO | Starting archive process for rows older than 1440 minutes.
2026-04-07 23:44:04,477 | INFO | 0 rows moved to price_history_archive.
2026-04-07 23:44:04,477 | INFO | 0 rows deleted from price_history.
2026-04-07 23:44:04,477 | INFO | Database connection closed after archive process.
2026-04-07 23:44:04,477 | INFO | Pipeline run completed successfully.
2026-04-07 23:49:04,954 | INFO | Pipeline run started.
2026-04-07 23:49:05,207 | INFO | Starting database insert process.
2026-04-07 23:49:05,260 | INFO | 100 rows inserted into price_history.
2026-04-07 23:49:05,261 | INFO | 100 rows upserted into latest_prices.
2026-04-07 23:49:05,261 | INFO | Database connection closed after insert process.
2026-04-07 23:49:05,263 | INFO | Starting archive process for rows older than 1440 minutes.
2026-04-07 23:49:05,270 | INFO | 0 rows moved to price_history_archive.
2026-04-07 23:49:05,270 | INFO | 0 rows deleted from price_history.
2026-04-07 23:49:05,270 | INFO | Database connection closed after archive process.
2026-04-07 23:49:05,270 | INFO | Pipeline run completed successfully.
2026-04-07 23:54:05,778 | INFO | Pipeline run started.
2026-04-07 23:54:06,023 | INFO | Starting database insert process.
2026-04-07 23:54:06,075 | INFO | 100 rows inserted into price_history.
2026-04-07 23:54:06,075 | INFO | 100 rows upserted into latest_prices.
2026-04-07 23:54:06,075 | INFO | Database connection closed after insert process.
2026-04-07 23:54:06,078 | INFO | Starting archive process for rows older than 1440 minutes.
2026-04-07 23:54:06,086 | INFO | 0 rows moved to price_history_archive.
2026-04-07 23:54:06,086 | INFO | 0 rows deleted from price_history.
2026-04-07 23:54:06,086 | INFO | Database connection closed after archive process.
2026-04-07 23:54:06,086 | INFO | Pipeline run completed successfully.
2026-04-07 23:59:06,565 | INFO | Pipeline run started.
2026-04-07 23:59:06,827 | INFO | Starting database insert process.
2026-04-07 23:59:06,874 | INFO | 0 rows inserted into price_history.
2026-04-07 23:59:06,874 | INFO | 100 rows upserted into latest_prices.
2026-04-07 23:59:06,874 | INFO | Database connection closed after insert process.
2026-04-07 23:59:06,877 | INFO | Starting archive process for rows older than 1440 minutes.
2026-04-07 23:59:06,885 | INFO | 0 rows moved to price_history_archive.
2026-04-07 23:59:06,885 | INFO | 0 rows deleted from price_history.
2026-04-07 23:59:06,885 | INFO | Database connection closed after archive process.
2026-04-07 23:59:06,885 | INFO | Pipeline run completed successfully.
2026-04-08 00:04:07,394 | INFO | Pipeline run started.
2026-04-08 00:04:07,659 | INFO | Starting database insert process.
2026-04-08 00:04:07,718 | INFO | 100 rows inserted into price_history.
2026-04-08 00:04:07,718 | INFO | 100 rows upserted into latest_prices.
2026-04-08 00:04:07,718 | INFO | Database connection closed after insert process.
2026-04-08 00:04:07,722 | INFO | Starting archive process for rows older than 1440 minutes.
2026-04-08 00:04:07,729 | INFO | 0 rows moved to price_history_archive.
2026-04-08 00:04:07,729 | INFO | 0 rows deleted from price_history.
2026-04-08 00:04:07,729 | INFO | Database connection closed after archive process.
2026-04-08 00:04:07,729 | INFO | Pipeline run completed successfully.
2026-04-08 00:09:08,228 | INFO | Pipeline run started.
2026-04-08 00:09:08,466 | INFO | Starting database insert process.
2026-04-08 00:09:08,515 | INFO | 100 rows inserted into price_history.
2026-04-08 00:09:08,515 | INFO | 100 rows upserted into latest_prices.
2026-04-08 00:09:08,515 | INFO | Database connection closed after insert process.
2026-04-08 00:09:08,518 | INFO | Starting archive process for rows older than 1440 minutes.
2026-04-08 00:09:08,526 | INFO | 0 rows moved to price_history_archive.
2026-04-08 00:09:08,526 | INFO | 0 rows deleted from price_history.
2026-04-08 00:09:08,526 | INFO | Database connection closed after archive process.
2026-04-08 00:09:08,526 | INFO | Pipeline run completed successfully.
2026-04-08 00:14:09,023 | INFO | Pipeline run started.
2026-04-08 00:14:09,268 | INFO | Starting database insert process.
2026-04-08 00:14:09,319 | INFO | 100 rows inserted into price_history.
2026-04-08 00:14:09,319 | INFO | 100 rows upserted into latest_prices.
2026-04-08 00:14:09,319 | INFO | Database connection closed after insert process.
2026-04-08 00:14:09,322 | INFO | Starting archive process for rows older than 1440 minutes.
2026-04-08 00:14:09,331 | INFO | 0 rows moved to price_history_archive.
2026-04-08 00:14:09,331 | INFO | 0 rows deleted from price_history.
2026-04-08 00:14:09,331 | INFO | Database connection closed after archive process.
2026-04-08 00:14:09,331 | INFO | Pipeline run completed successfully.
2026-04-08 01:47:29,807 | INFO | Pipeline run started.
2026-04-08 02:11:56,988 | INFO | Starting database insert process.
2026-04-08 02:11:57,045 | INFO | 100 rows inserted into price_history.
2026-04-08 02:11:57,045 | INFO | 100 rows upserted into latest_prices.
2026-04-08 02:11:57,045 | INFO | Database connection closed after insert process.
2026-04-08 02:11:57,049 | INFO | Starting archive process for rows older than 1440 minutes.
2026-04-08 02:11:57,057 | INFO | 0 rows moved to price_history_archive.
2026-04-08 02:11:57,057 | INFO | 0 rows deleted from price_history.
2026-04-08 02:11:57,057 | INFO | Database connection closed after archive process.
2026-04-08 02:11:57,057 | INFO | Pipeline run completed successfully.
2026-04-08 07:35:31,429 | INFO | Pipeline run started.
2026-04-08 07:35:31,556 | INFO | Starting database insert process.
2026-04-08 07:35:31,607 | INFO | 100 rows inserted into price_history.
2026-04-08 07:35:31,607 | INFO | 100 rows upserted into latest_prices.
2026-04-08 07:35:31,607 | INFO | Database connection closed after insert process.
2026-04-08 07:35:31,609 | INFO | Starting archive process for rows older than 1440 minutes.
2026-04-08 07:35:31,616 | INFO | 0 rows moved to price_history_archive.
2026-04-08 07:35:31,616 | INFO | 0 rows deleted from price_history.
2026-04-08 07:35:31,616 | INFO | Database connection closed after archive process.
2026-04-08 07:35:31,616 | INFO | Pipeline run completed successfully.
Traceback (most recent call last):
  File "/Users/alpertuncortak/Desktop/crypto-data-pipeline/.venv/lib/python3.13/site-packages/urllib3/connection.py", line 204, in _new_conn
    sock = connection.create_connection(
        (self._dns_host, self.port),
    ...<2 lines>...
        socket_options=self.socket_options,
    )
  File "/Users/alpertuncortak/Desktop/crypto-data-pipeline/.venv/lib/python3.13/site-packages/urllib3/util/connection.py", line 60, in create_connection
    for res in socket.getaddrinfo(host, port, family, socket.SOCK_STREAM):
               ~~~~~~~~~~~~~~~~~~^^^^^^^^^^^^^^^^^^^^^^^^^^^^^^^^^^^^^^^^
  File "/Library/Frameworks/Python.framework/Versions/3.13/lib/python3.13/socket.py", line 977, in getaddrinfo
    for res in _socket.getaddrinfo(host, port, family, type, proto, flags):
               ~~~~~~~~~~~~~~~~~~~^^^^^^^^^^^^^^^^^^^^^^^^^^^^^^^^^^^^^^^^
socket.gaierror: [Errno 8] nodename nor servname provided, or not known

The above exception was the direct cause of the following exception:

Traceback (most recent call last):
  File "/Users/alpertuncortak/Desktop/crypto-data-pipeline/.venv/lib/python3.13/site-packages/urllib3/connectionpool.py", line 787, in urlopen
    response = self._make_request(
        conn,
    ...<10 lines>...
        **response_kw,
    )
  File "/Users/alpertuncortak/Desktop/crypto-data-pipeline/.venv/lib/python3.13/site-packages/urllib3/connectionpool.py", line 488, in _make_request
    raise new_e
  File "/Users/alpertuncortak/Desktop/crypto-data-pipeline/.venv/lib/python3.13/site-packages/urllib3/connectionpool.py", line 464, in _make_request
    self._validate_conn(conn)
    ~~~~~~~~~~~~~~~~~~~^^^^^^
  File "/Users/alpertuncortak/Desktop/crypto-data-pipeline/.venv/lib/python3.13/site-packages/urllib3/connectionpool.py", line 1093, in _validate_conn
    conn.connect()
    ~~~~~~~~~~~~^^
  File "/Users/alpertuncortak/Desktop/crypto-data-pipeline/.venv/lib/python3.13/site-packages/urllib3/connection.py", line 759, in connect
    self.sock = sock = self._new_conn()
                       ~~~~~~~~~~~~~~^^
  File "/Users/alpertuncortak/Desktop/crypto-data-pipeline/.venv/lib/python3.13/site-packages/urllib3/connection.py", line 211, in _new_conn
    raise NameResolutionError(self.host, self, e) from e
urllib3.exceptions.NameResolutionError: HTTPSConnection(host='api.coingecko.com', port=443): Failed to resolve 'api.coingecko.com' ([Errno 8] nodename nor servname provided, or not known)

The above exception was the direct cause of the following exception:

Traceback (most recent call last):
  File "/Users/alpertuncortak/Desktop/crypto-data-pipeline/.venv/lib/python3.13/site-packages/requests/adapters.py", line 645, in send
    resp = conn.urlopen(
        method=request.method,
    ...<9 lines>...
        chunked=chunked,
    )
  File "/Users/alpertuncortak/Desktop/crypto-data-pipeline/.venv/lib/python3.13/site-packages/urllib3/connectionpool.py", line 841, in urlopen
    retries = retries.increment(
        method, url, error=new_e, _pool=self, _stacktrace=sys.exc_info()[2]
    )
  File "/Users/alpertuncortak/Desktop/crypto-data-pipeline/.venv/lib/python3.13/site-packages/urllib3/util/retry.py", line 535, in increment
    raise MaxRetryError(_pool, url, reason) from reason  # type: ignore[arg-type]
    ^^^^^^^^^^^^^^^^^^^^^^^^^^^^^^^^^^^^^^^^^^^^^^^^^^^
urllib3.exceptions.MaxRetryError: HTTPSConnectionPool(host='api.coingecko.com', port=443): Max retries exceeded with url: /api/v3/coins/markets?vs_currency=usd&order=market_cap_desc&per_page=100&page=1&sparkline=false (Caused by NameResolutionError("HTTPSConnection(host='api.coingecko.com', port=443): Failed to resolve 'api.coingecko.com' ([Errno 8] nodename nor servname provided, or not known)"))

During handling of the above exception, another exception occurred:

Traceback (most recent call last):
  File "/Users/alpertuncortak/Desktop/crypto-data-pipeline/src/main.py", line 27, in <module>
    main()
    ~~~~^^
  File "/Users/alpertuncortak/Desktop/crypto-data-pipeline/src/main.py", line 13, in main
    df = fetch_crypto_data()
  File "/Users/alpertuncortak/Desktop/crypto-data-pipeline/src/fetch_data.py", line 18, in fetch_crypto_data
    response = requests.get(url, params=params, timeout=10)
  File "/Users/alpertuncortak/Desktop/crypto-data-pipeline/.venv/lib/python3.13/site-packages/requests/api.py", line 73, in get
    return request("get", url, params=params, **kwargs)
  File "/Users/alpertuncortak/Desktop/crypto-data-pipeline/.venv/lib/python3.13/site-packages/requests/api.py", line 59, in request
    return session.request(method=method, url=url, **kwargs)
           ~~~~~~~~~~~~~~~^^^^^^^^^^^^^^^^^^^^^^^^^^^^^^^^^^
  File "/Users/alpertuncortak/Desktop/crypto-data-pipeline/.venv/lib/python3.13/site-packages/requests/sessions.py", line 592, in request
    resp = self.send(prep, **send_kwargs)
  File "/Users/alpertuncortak/Desktop/crypto-data-pipeline/.venv/lib/python3.13/site-packages/requests/sessions.py", line 706, in send
    r = adapter.send(request, **kwargs)
  File "/Users/alpertuncortak/Desktop/crypto-data-pipeline/.venv/lib/python3.13/site-packages/requests/adapters.py", line 678, in send
    raise ConnectionError(e, request=request)
requests.exceptions.ConnectionError: HTTPSConnectionPool(host='api.coingecko.com', port=443): Max retries exceeded with url: /api/v3/coins/markets?vs_currency=usd&order=market_cap_desc&per_page=100&page=1&sparkline=false (Caused by NameResolutionError("HTTPSConnection(host='api.coingecko.com', port=443): Failed to resolve 'api.coingecko.com' ([Errno 8] nodename nor servname provided, or not known)"))
Traceback (most recent call last):
  File "/Users/alpertuncortak/Desktop/crypto-data-pipeline/.venv/lib/python3.13/site-packages/urllib3/connection.py", line 204, in _new_conn
    sock = connection.create_connection(
        (self._dns_host, self.port),
    ...<2 lines>...
        socket_options=self.socket_options,
    )
  File "/Users/alpertuncortak/Desktop/crypto-data-pipeline/.venv/lib/python3.13/site-packages/urllib3/util/connection.py", line 60, in create_connection
    for res in socket.getaddrinfo(host, port, family, socket.SOCK_STREAM):
               ~~~~~~~~~~~~~~~~~~^^^^^^^^^^^^^^^^^^^^^^^^^^^^^^^^^^^^^^^^
  File "/Library/Frameworks/Python.framework/Versions/3.13/lib/python3.13/socket.py", line 977, in getaddrinfo
    for res in _socket.getaddrinfo(host, port, family, type, proto, flags):
               ~~~~~~~~~~~~~~~~~~~^^^^^^^^^^^^^^^^^^^^^^^^^^^^^^^^^^^^^^^^
socket.gaierror: [Errno 8] nodename nor servname provided, or not known

The above exception was the direct cause of the following exception:

Traceback (most recent call last):
  File "/Users/alpertuncortak/Desktop/crypto-data-pipeline/.venv/lib/python3.13/site-packages/urllib3/connectionpool.py", line 787, in urlopen
    response = self._make_request(
        conn,
    ...<10 lines>...
        **response_kw,
    )
  File "/Users/alpertuncortak/Desktop/crypto-data-pipeline/.venv/lib/python3.13/site-packages/urllib3/connectionpool.py", line 488, in _make_request
    raise new_e
  File "/Users/alpertuncortak/Desktop/crypto-data-pipeline/.venv/lib/python3.13/site-packages/urllib3/connectionpool.py", line 464, in _make_request
    self._validate_conn(conn)
    ~~~~~~~~~~~~~~~~~~~^^^^^^
  File "/Users/alpertuncortak/Desktop/crypto-data-pipeline/.venv/lib/python3.13/site-packages/urllib3/connectionpool.py", line 1093, in _validate_conn
    conn.connect()
    ~~~~~~~~~~~~^^
  File "/Users/alpertuncortak/Desktop/crypto-data-pipeline/.venv/lib/python3.13/site-packages/urllib3/connection.py", line 759, in connect
    self.sock = sock = self._new_conn()
                       ~~~~~~~~~~~~~~^^
  File "/Users/alpertuncortak/Desktop/crypto-data-pipeline/.venv/lib/python3.13/site-packages/urllib3/connection.py", line 211, in _new_conn
    raise NameResolutionError(self.host, self, e) from e
urllib3.exceptions.NameResolutionError: HTTPSConnection(host='api.coingecko.com', port=443): Failed to resolve 'api.coingecko.com' ([Errno 8] nodename nor servname provided, or not known)

The above exception was the direct cause of the following exception:

Traceback (most recent call last):
  File "/Users/alpertuncortak/Desktop/crypto-data-pipeline/.venv/lib/python3.13/site-packages/requests/adapters.py", line 645, in send
    resp = conn.urlopen(
        method=request.method,
    ...<9 lines>...
        chunked=chunked,
    )
  File "/Users/alpertuncortak/Desktop/crypto-data-pipeline/.venv/lib/python3.13/site-packages/urllib3/connectionpool.py", line 841, in urlopen
    retries = retries.increment(
        method, url, error=new_e, _pool=self, _stacktrace=sys.exc_info()[2]
    )
  File "/Users/alpertuncortak/Desktop/crypto-data-pipeline/.venv/lib/python3.13/site-packages/urllib3/util/retry.py", line 535, in increment
    raise MaxRetryError(_pool, url, reason) from reason  # type: ignore[arg-type]
    ^^^^^^^^^^^^^^^^^^^^^^^^^^^^^^^^^^^^^^^^^^^^^^^^^^^
urllib3.exceptions.MaxRetryError: HTTPSConnectionPool(host='api.coingecko.com', port=443): Max retries exceeded with url: /api/v3/coins/markets?vs_currency=usd&order=market_cap_desc&per_page=100&page=1&sparkline=false (Caused by NameResolutionError("HTTPSConnection(host='api.coingecko.com', port=443): Failed to resolve 'api.coingecko.com' ([Errno 8] nodename nor servname provided, or not known)"))

During handling of the above exception, another exception occurred:

Traceback (most recent call last):
  File "/Users/alpertuncortak/Desktop/crypto-data-pipeline/src/main.py", line 27, in <module>
    main()
    ~~~~^^
  File "/Users/alpertuncortak/Desktop/crypto-data-pipeline/src/main.py", line 13, in main
    df = fetch_crypto_data()
  File "/Users/alpertuncortak/Desktop/crypto-data-pipeline/src/fetch_data.py", line 18, in fetch_crypto_data
    response = requests.get(url, params=params, timeout=10)
  File "/Users/alpertuncortak/Desktop/crypto-data-pipeline/.venv/lib/python3.13/site-packages/requests/api.py", line 73, in get
    return request("get", url, params=params, **kwargs)
  File "/Users/alpertuncortak/Desktop/crypto-data-pipeline/.venv/lib/python3.13/site-packages/requests/api.py", line 59, in request
    return session.request(method=method, url=url, **kwargs)
           ~~~~~~~~~~~~~~~^^^^^^^^^^^^^^^^^^^^^^^^^^^^^^^^^^
  File "/Users/alpertuncortak/Desktop/crypto-data-pipeline/.venv/lib/python3.13/site-packages/requests/sessions.py", line 592, in request
    resp = self.send(prep, **send_kwargs)
  File "/Users/alpertuncortak/Desktop/crypto-data-pipeline/.venv/lib/python3.13/site-packages/requests/sessions.py", line 706, in send
    r = adapter.send(request, **kwargs)
  File "/Users/alpertuncortak/Desktop/crypto-data-pipeline/.venv/lib/python3.13/site-packages/requests/adapters.py", line 678, in send
    raise ConnectionError(e, request=request)
requests.exceptions.ConnectionError: HTTPSConnectionPool(host='api.coingecko.com', port=443): Max retries exceeded with url: /api/v3/coins/markets?vs_currency=usd&order=market_cap_desc&per_page=100&page=1&sparkline=false (Caused by NameResolutionError("HTTPSConnection(host='api.coingecko.com', port=443): Failed to resolve 'api.coingecko.com' ([Errno 8] nodename nor servname provided, or not known)"))
Traceback (most recent call last):
  File "/Users/alpertuncortak/Desktop/crypto-data-pipeline/.venv/lib/python3.13/site-packages/urllib3/connection.py", line 204, in _new_conn
    sock = connection.create_connection(
        (self._dns_host, self.port),
    ...<2 lines>...
        socket_options=self.socket_options,
    )
  File "/Users/alpertuncortak/Desktop/crypto-data-pipeline/.venv/lib/python3.13/site-packages/urllib3/util/connection.py", line 60, in create_connection
    for res in socket.getaddrinfo(host, port, family, socket.SOCK_STREAM):
               ~~~~~~~~~~~~~~~~~~^^^^^^^^^^^^^^^^^^^^^^^^^^^^^^^^^^^^^^^^
  File "/Library/Frameworks/Python.framework/Versions/3.13/lib/python3.13/socket.py", line 977, in getaddrinfo
    for res in _socket.getaddrinfo(host, port, family, type, proto, flags):
               ~~~~~~~~~~~~~~~~~~~^^^^^^^^^^^^^^^^^^^^^^^^^^^^^^^^^^^^^^^^
socket.gaierror: [Errno 8] nodename nor servname provided, or not known

The above exception was the direct cause of the following exception:

Traceback (most recent call last):
  File "/Users/alpertuncortak/Desktop/crypto-data-pipeline/.venv/lib/python3.13/site-packages/urllib3/connectionpool.py", line 787, in urlopen
    response = self._make_request(
        conn,
    ...<10 lines>...
        **response_kw,
    )
  File "/Users/alpertuncortak/Desktop/crypto-data-pipeline/.venv/lib/python3.13/site-packages/urllib3/connectionpool.py", line 488, in _make_request
    raise new_e
  File "/Users/alpertuncortak/Desktop/crypto-data-pipeline/.venv/lib/python3.13/site-packages/urllib3/connectionpool.py", line 464, in _make_request
    self._validate_conn(conn)
    ~~~~~~~~~~~~~~~~~~~^^^^^^
  File "/Users/alpertuncortak/Desktop/crypto-data-pipeline/.venv/lib/python3.13/site-packages/urllib3/connectionpool.py", line 1093, in _validate_conn
    conn.connect()
    ~~~~~~~~~~~~^^
  File "/Users/alpertuncortak/Desktop/crypto-data-pipeline/.venv/lib/python3.13/site-packages/urllib3/connection.py", line 759, in connect
    self.sock = sock = self._new_conn()
                       ~~~~~~~~~~~~~~^^
  File "/Users/alpertuncortak/Desktop/crypto-data-pipeline/.venv/lib/python3.13/site-packages/urllib3/connection.py", line 211, in _new_conn
    raise NameResolutionError(self.host, self, e) from e
urllib3.exceptions.NameResolutionError: HTTPSConnection(host='api.coingecko.com', port=443): Failed to resolve 'api.coingecko.com' ([Errno 8] nodename nor servname provided, or not known)

The above exception was the direct cause of the following exception:

Traceback (most recent call last):
  File "/Users/alpertuncortak/Desktop/crypto-data-pipeline/.venv/lib/python3.13/site-packages/requests/adapters.py", line 645, in send
    resp = conn.urlopen(
        method=request.method,
    ...<9 lines>...
        chunked=chunked,
    )
  File "/Users/alpertuncortak/Desktop/crypto-data-pipeline/.venv/lib/python3.13/site-packages/urllib3/connectionpool.py", line 841, in urlopen
    retries = retries.increment(
        method, url, error=new_e, _pool=self, _stacktrace=sys.exc_info()[2]
    )
  File "/Users/alpertuncortak/Desktop/crypto-data-pipeline/.venv/lib/python3.13/site-packages/urllib3/util/retry.py", line 535, in increment
    raise MaxRetryError(_pool, url, reason) from reason  # type: ignore[arg-type]
    ^^^^^^^^^^^^^^^^^^^^^^^^^^^^^^^^^^^^^^^^^^^^^^^^^^^
urllib3.exceptions.MaxRetryError: HTTPSConnectionPool(host='api.coingecko.com', port=443): Max retries exceeded with url: /api/v3/coins/markets?vs_currency=usd&order=market_cap_desc&per_page=100&page=1&sparkline=false (Caused by NameResolutionError("HTTPSConnection(host='api.coingecko.com', port=443): Failed to resolve 'api.coingecko.com' ([Errno 8] nodename nor servname provided, or not known)"))

During handling of the above exception, another exception occurred:

Traceback (most recent call last):
  File "/Users/alpertuncortak/Desktop/crypto-data-pipeline/src/main.py", line 27, in <module>
    main()
    ~~~~^^
  File "/Users/alpertuncortak/Desktop/crypto-data-pipeline/src/main.py", line 13, in main
    df = fetch_crypto_data()
  File "/Users/alpertuncortak/Desktop/crypto-data-pipeline/src/fetch_data.py", line 18, in fetch_crypto_data
    response = requests.get(url, params=params, timeout=10)
  File "/Users/alpertuncortak/Desktop/crypto-data-pipeline/.venv/lib/python3.13/site-packages/requests/api.py", line 73, in get
    return request("get", url, params=params, **kwargs)
  File "/Users/alpertuncortak/Desktop/crypto-data-pipeline/.venv/lib/python3.13/site-packages/requests/api.py", line 59, in request
    return session.request(method=method, url=url, **kwargs)
           ~~~~~~~~~~~~~~~^^^^^^^^^^^^^^^^^^^^^^^^^^^^^^^^^^
  File "/Users/alpertuncortak/Desktop/crypto-data-pipeline/.venv/lib/python3.13/site-packages/requests/sessions.py", line 592, in request
    resp = self.send(prep, **send_kwargs)
  File "/Users/alpertuncortak/Desktop/crypto-data-pipeline/.venv/lib/python3.13/site-packages/requests/sessions.py", line 706, in send
    r = adapter.send(request, **kwargs)
  File "/Users/alpertuncortak/Desktop/crypto-data-pipeline/.venv/lib/python3.13/site-packages/requests/adapters.py", line 678, in send
    raise ConnectionError(e, request=request)
requests.exceptions.ConnectionError: HTTPSConnectionPool(host='api.coingecko.com', port=443): Max retries exceeded with url: /api/v3/coins/markets?vs_currency=usd&order=market_cap_desc&per_page=100&page=1&sparkline=false (Caused by NameResolutionError("HTTPSConnection(host='api.coingecko.com', port=443): Failed to resolve 'api.coingecko.com' ([Errno 8] nodename nor servname provided, or not known)"))
Traceback (most recent call last):
  File "/Users/alpertuncortak/Desktop/crypto-data-pipeline/.venv/lib/python3.13/site-packages/urllib3/connection.py", line 204, in _new_conn
    sock = connection.create_connection(
        (self._dns_host, self.port),
    ...<2 lines>...
        socket_options=self.socket_options,
    )
  File "/Users/alpertuncortak/Desktop/crypto-data-pipeline/.venv/lib/python3.13/site-packages/urllib3/util/connection.py", line 60, in create_connection
    for res in socket.getaddrinfo(host, port, family, socket.SOCK_STREAM):
               ~~~~~~~~~~~~~~~~~~^^^^^^^^^^^^^^^^^^^^^^^^^^^^^^^^^^^^^^^^
  File "/Library/Frameworks/Python.framework/Versions/3.13/lib/python3.13/socket.py", line 977, in getaddrinfo
    for res in _socket.getaddrinfo(host, port, family, type, proto, flags):
               ~~~~~~~~~~~~~~~~~~~^^^^^^^^^^^^^^^^^^^^^^^^^^^^^^^^^^^^^^^^
socket.gaierror: [Errno 8] nodename nor servname provided, or not known

The above exception was the direct cause of the following exception:

Traceback (most recent call last):
  File "/Users/alpertuncortak/Desktop/crypto-data-pipeline/.venv/lib/python3.13/site-packages/urllib3/connectionpool.py", line 787, in urlopen
    response = self._make_request(
        conn,
    ...<10 lines>...
        **response_kw,
    )
  File "/Users/alpertuncortak/Desktop/crypto-data-pipeline/.venv/lib/python3.13/site-packages/urllib3/connectionpool.py", line 488, in _make_request
    raise new_e
  File "/Users/alpertuncortak/Desktop/crypto-data-pipeline/.venv/lib/python3.13/site-packages/urllib3/connectionpool.py", line 464, in _make_request
    self._validate_conn(conn)
    ~~~~~~~~~~~~~~~~~~~^^^^^^
  File "/Users/alpertuncortak/Desktop/crypto-data-pipeline/.venv/lib/python3.13/site-packages/urllib3/connectionpool.py", line 1093, in _validate_conn
    conn.connect()
    ~~~~~~~~~~~~^^
  File "/Users/alpertuncortak/Desktop/crypto-data-pipeline/.venv/lib/python3.13/site-packages/urllib3/connection.py", line 759, in connect
    self.sock = sock = self._new_conn()
                       ~~~~~~~~~~~~~~^^
  File "/Users/alpertuncortak/Desktop/crypto-data-pipeline/.venv/lib/python3.13/site-packages/urllib3/connection.py", line 211, in _new_conn
    raise NameResolutionError(self.host, self, e) from e
urllib3.exceptions.NameResolutionError: HTTPSConnection(host='api.coingecko.com', port=443): Failed to resolve 'api.coingecko.com' ([Errno 8] nodename nor servname provided, or not known)

The above exception was the direct cause of the following exception:

Traceback (most recent call last):
  File "/Users/alpertuncortak/Desktop/crypto-data-pipeline/.venv/lib/python3.13/site-packages/requests/adapters.py", line 645, in send
    resp = conn.urlopen(
        method=request.method,
    ...<9 lines>...
        chunked=chunked,
    )
  File "/Users/alpertuncortak/Desktop/crypto-data-pipeline/.venv/lib/python3.13/site-packages/urllib3/connectionpool.py", line 841, in urlopen
    retries = retries.increment(
        method, url, error=new_e, _pool=self, _stacktrace=sys.exc_info()[2]
    )
  File "/Users/alpertuncortak/Desktop/crypto-data-pipeline/.venv/lib/python3.13/site-packages/urllib3/util/retry.py", line 535, in increment
    raise MaxRetryError(_pool, url, reason) from reason  # type: ignore[arg-type]
    ^^^^^^^^^^^^^^^^^^^^^^^^^^^^^^^^^^^^^^^^^^^^^^^^^^^
urllib3.exceptions.MaxRetryError: HTTPSConnectionPool(host='api.coingecko.com', port=443): Max retries exceeded with url: /api/v3/coins/markets?vs_currency=usd&order=market_cap_desc&per_page=100&page=1&sparkline=false (Caused by NameResolutionError("HTTPSConnection(host='api.coingecko.com', port=443): Failed to resolve 'api.coingecko.com' ([Errno 8] nodename nor servname provided, or not known)"))

During handling of the above exception, another exception occurred:

Traceback (most recent call last):
  File "/Users/alpertuncortak/Desktop/crypto-data-pipeline/src/main.py", line 27, in <module>
    main()
    ~~~~^^
  File "/Users/alpertuncortak/Desktop/crypto-data-pipeline/src/main.py", line 13, in main
    df = fetch_crypto_data()
  File "/Users/alpertuncortak/Desktop/crypto-data-pipeline/src/fetch_data.py", line 18, in fetch_crypto_data
    response = requests.get(url, params=params, timeout=10)
  File "/Users/alpertuncortak/Desktop/crypto-data-pipeline/.venv/lib/python3.13/site-packages/requests/api.py", line 73, in get
    return request("get", url, params=params, **kwargs)
  File "/Users/alpertuncortak/Desktop/crypto-data-pipeline/.venv/lib/python3.13/site-packages/requests/api.py", line 59, in request
    return session.request(method=method, url=url, **kwargs)
           ~~~~~~~~~~~~~~~^^^^^^^^^^^^^^^^^^^^^^^^^^^^^^^^^^
  File "/Users/alpertuncortak/Desktop/crypto-data-pipeline/.venv/lib/python3.13/site-packages/requests/sessions.py", line 592, in request
    resp = self.send(prep, **send_kwargs)
  File "/Users/alpertuncortak/Desktop/crypto-data-pipeline/.venv/lib/python3.13/site-packages/requests/sessions.py", line 706, in send
    r = adapter.send(request, **kwargs)
  File "/Users/alpertuncortak/Desktop/crypto-data-pipeline/.venv/lib/python3.13/site-packages/requests/adapters.py", line 678, in send
    raise ConnectionError(e, request=request)
requests.exceptions.ConnectionError: HTTPSConnectionPool(host='api.coingecko.com', port=443): Max retries exceeded with url: /api/v3/coins/markets?vs_currency=usd&order=market_cap_desc&per_page=100&page=1&sparkline=false (Caused by NameResolutionError("HTTPSConnection(host='api.coingecko.com', port=443): Failed to resolve 'api.coingecko.com' ([Errno 8] nodename nor servname provided, or not known)"))
Traceback (most recent call last):
  File "/Users/alpertuncortak/Desktop/crypto-data-pipeline/.venv/lib/python3.13/site-packages/urllib3/connection.py", line 204, in _new_conn
    sock = connection.create_connection(
        (self._dns_host, self.port),
    ...<2 lines>...
        socket_options=self.socket_options,
    )
  File "/Users/alpertuncortak/Desktop/crypto-data-pipeline/.venv/lib/python3.13/site-packages/urllib3/util/connection.py", line 60, in create_connection
    for res in socket.getaddrinfo(host, port, family, socket.SOCK_STREAM):
               ~~~~~~~~~~~~~~~~~~^^^^^^^^^^^^^^^^^^^^^^^^^^^^^^^^^^^^^^^^
  File "/Library/Frameworks/Python.framework/Versions/3.13/lib/python3.13/socket.py", line 977, in getaddrinfo
    for res in _socket.getaddrinfo(host, port, family, type, proto, flags):
               ~~~~~~~~~~~~~~~~~~~^^^^^^^^^^^^^^^^^^^^^^^^^^^^^^^^^^^^^^^^
socket.gaierror: [Errno 8] nodename nor servname provided, or not known

The above exception was the direct cause of the following exception:

Traceback (most recent call last):
  File "/Users/alpertuncortak/Desktop/crypto-data-pipeline/.venv/lib/python3.13/site-packages/urllib3/connectionpool.py", line 787, in urlopen
    response = self._make_request(
        conn,
    ...<10 lines>...
        **response_kw,
    )
  File "/Users/alpertuncortak/Desktop/crypto-data-pipeline/.venv/lib/python3.13/site-packages/urllib3/connectionpool.py", line 488, in _make_request
    raise new_e
  File "/Users/alpertuncortak/Desktop/crypto-data-pipeline/.venv/lib/python3.13/site-packages/urllib3/connectionpool.py", line 464, in _make_request
    self._validate_conn(conn)
    ~~~~~~~~~~~~~~~~~~~^^^^^^
  File "/Users/alpertuncortak/Desktop/crypto-data-pipeline/.venv/lib/python3.13/site-packages/urllib3/connectionpool.py", line 1093, in _validate_conn
    conn.connect()
    ~~~~~~~~~~~~^^
  File "/Users/alpertuncortak/Desktop/crypto-data-pipeline/.venv/lib/python3.13/site-packages/urllib3/connection.py", line 759, in connect
    self.sock = sock = self._new_conn()
                       ~~~~~~~~~~~~~~^^
  File "/Users/alpertuncortak/Desktop/crypto-data-pipeline/.venv/lib/python3.13/site-packages/urllib3/connection.py", line 211, in _new_conn
    raise NameResolutionError(self.host, self, e) from e
urllib3.exceptions.NameResolutionError: HTTPSConnection(host='api.coingecko.com', port=443): Failed to resolve 'api.coingecko.com' ([Errno 8] nodename nor servname provided, or not known)

The above exception was the direct cause of the following exception:

Traceback (most recent call last):
  File "/Users/alpertuncortak/Desktop/crypto-data-pipeline/.venv/lib/python3.13/site-packages/requests/adapters.py", line 645, in send
    resp = conn.urlopen(
        method=request.method,
    ...<9 lines>...
        chunked=chunked,
    )
  File "/Users/alpertuncortak/Desktop/crypto-data-pipeline/.venv/lib/python3.13/site-packages/urllib3/connectionpool.py", line 841, in urlopen
    retries = retries.increment(
        method, url, error=new_e, _pool=self, _stacktrace=sys.exc_info()[2]
    )
  File "/Users/alpertuncortak/Desktop/crypto-data-pipeline/.venv/lib/python3.13/site-packages/urllib3/util/retry.py", line 535, in increment
    raise MaxRetryError(_pool, url, reason) from reason  # type: ignore[arg-type]
    ^^^^^^^^^^^^^^^^^^^^^^^^^^^^^^^^^^^^^^^^^^^^^^^^^^^
urllib3.exceptions.MaxRetryError: HTTPSConnectionPool(host='api.coingecko.com', port=443): Max retries exceeded with url: /api/v3/coins/markets?vs_currency=usd&order=market_cap_desc&per_page=100&page=1&sparkline=false (Caused by NameResolutionError("HTTPSConnection(host='api.coingecko.com', port=443): Failed to resolve 'api.coingecko.com' ([Errno 8] nodename nor servname provided, or not known)"))

During handling of the above exception, another exception occurred:

Traceback (most recent call last):
  File "/Users/alpertuncortak/Desktop/crypto-data-pipeline/src/main.py", line 27, in <module>
    main()
    ~~~~^^
  File "/Users/alpertuncortak/Desktop/crypto-data-pipeline/src/main.py", line 13, in main
    df = fetch_crypto_data()
  File "/Users/alpertuncortak/Desktop/crypto-data-pipeline/src/fetch_data.py", line 18, in fetch_crypto_data
    response = requests.get(url, params=params, timeout=10)
  File "/Users/alpertuncortak/Desktop/crypto-data-pipeline/.venv/lib/python3.13/site-packages/requests/api.py", line 73, in get
    return request("get", url, params=params, **kwargs)
  File "/Users/alpertuncortak/Desktop/crypto-data-pipeline/.venv/lib/python3.13/site-packages/requests/api.py", line 59, in request
    return session.request(method=method, url=url, **kwargs)
           ~~~~~~~~~~~~~~~^^^^^^^^^^^^^^^^^^^^^^^^^^^^^^^^^^
  File "/Users/alpertuncortak/Desktop/crypto-data-pipeline/.venv/lib/python3.13/site-packages/requests/sessions.py", line 592, in request
    resp = self.send(prep, **send_kwargs)
  File "/Users/alpertuncortak/Desktop/crypto-data-pipeline/.venv/lib/python3.13/site-packages/requests/sessions.py", line 706, in send
    r = adapter.send(request, **kwargs)
  File "/Users/alpertuncortak/Desktop/crypto-data-pipeline/.venv/lib/python3.13/site-packages/requests/adapters.py", line 678, in send
    raise ConnectionError(e, request=request)
requests.exceptions.ConnectionError: HTTPSConnectionPool(host='api.coingecko.com', port=443): Max retries exceeded with url: /api/v3/coins/markets?vs_currency=usd&order=market_cap_desc&per_page=100&page=1&sparkline=false (Caused by NameResolutionError("HTTPSConnection(host='api.coingecko.com', port=443): Failed to resolve 'api.coingecko.com' ([Errno 8] nodename nor servname provided, or not known)"))
Traceback (most recent call last):
  File "/Users/alpertuncortak/Desktop/crypto-data-pipeline/.venv/lib/python3.13/site-packages/urllib3/connection.py", line 204, in _new_conn
    sock = connection.create_connection(
        (self._dns_host, self.port),
    ...<2 lines>...
        socket_options=self.socket_options,
    )
  File "/Users/alpertuncortak/Desktop/crypto-data-pipeline/.venv/lib/python3.13/site-packages/urllib3/util/connection.py", line 60, in create_connection
    for res in socket.getaddrinfo(host, port, family, socket.SOCK_STREAM):
               ~~~~~~~~~~~~~~~~~~^^^^^^^^^^^^^^^^^^^^^^^^^^^^^^^^^^^^^^^^
  File "/Library/Frameworks/Python.framework/Versions/3.13/lib/python3.13/socket.py", line 977, in getaddrinfo
    for res in _socket.getaddrinfo(host, port, family, type, proto, flags):
               ~~~~~~~~~~~~~~~~~~~^^^^^^^^^^^^^^^^^^^^^^^^^^^^^^^^^^^^^^^^
socket.gaierror: [Errno 8] nodename nor servname provided, or not known

The above exception was the direct cause of the following exception:

Traceback (most recent call last):
  File "/Users/alpertuncortak/Desktop/crypto-data-pipeline/.venv/lib/python3.13/site-packages/urllib3/connectionpool.py", line 787, in urlopen
    response = self._make_request(
        conn,
    ...<10 lines>...
        **response_kw,
    )
  File "/Users/alpertuncortak/Desktop/crypto-data-pipeline/.venv/lib/python3.13/site-packages/urllib3/connectionpool.py", line 488, in _make_request
    raise new_e
  File "/Users/alpertuncortak/Desktop/crypto-data-pipeline/.venv/lib/python3.13/site-packages/urllib3/connectionpool.py", line 464, in _make_request
    self._validate_conn(conn)
    ~~~~~~~~~~~~~~~~~~~^^^^^^
  File "/Users/alpertuncortak/Desktop/crypto-data-pipeline/.venv/lib/python3.13/site-packages/urllib3/connectionpool.py", line 1093, in _validate_conn
    conn.connect()
    ~~~~~~~~~~~~^^
  File "/Users/alpertuncortak/Desktop/crypto-data-pipeline/.venv/lib/python3.13/site-packages/urllib3/connection.py", line 759, in connect
    self.sock = sock = self._new_conn()
                       ~~~~~~~~~~~~~~^^
  File "/Users/alpertuncortak/Desktop/crypto-data-pipeline/.venv/lib/python3.13/site-packages/urllib3/connection.py", line 211, in _new_conn
    raise NameResolutionError(self.host, self, e) from e
urllib3.exceptions.NameResolutionError: HTTPSConnection(host='api.coingecko.com', port=443): Failed to resolve 'api.coingecko.com' ([Errno 8] nodename nor servname provided, or not known)

The above exception was the direct cause of the following exception:

Traceback (most recent call last):
  File "/Users/alpertuncortak/Desktop/crypto-data-pipeline/.venv/lib/python3.13/site-packages/requests/adapters.py", line 645, in send
    resp = conn.urlopen(
        method=request.method,
    ...<9 lines>...
        chunked=chunked,
    )
  File "/Users/alpertuncortak/Desktop/crypto-data-pipeline/.venv/lib/python3.13/site-packages/urllib3/connectionpool.py", line 841, in urlopen
    retries = retries.increment(
        method, url, error=new_e, _pool=self, _stacktrace=sys.exc_info()[2]
    )
  File "/Users/alpertuncortak/Desktop/crypto-data-pipeline/.venv/lib/python3.13/site-packages/urllib3/util/retry.py", line 535, in increment
    raise MaxRetryError(_pool, url, reason) from reason  # type: ignore[arg-type]
    ^^^^^^^^^^^^^^^^^^^^^^^^^^^^^^^^^^^^^^^^^^^^^^^^^^^
urllib3.exceptions.MaxRetryError: HTTPSConnectionPool(host='api.coingecko.com', port=443): Max retries exceeded with url: /api/v3/coins/markets?vs_currency=usd&order=market_cap_desc&per_page=100&page=1&sparkline=false (Caused by NameResolutionError("HTTPSConnection(host='api.coingecko.com', port=443): Failed to resolve 'api.coingecko.com' ([Errno 8] nodename nor servname provided, or not known)"))

During handling of the above exception, another exception occurred:

Traceback (most recent call last):
  File "/Users/alpertuncortak/Desktop/crypto-data-pipeline/src/main.py", line 27, in <module>
    main()
    ~~~~^^
  File "/Users/alpertuncortak/Desktop/crypto-data-pipeline/src/main.py", line 13, in main
    df = fetch_crypto_data()
  File "/Users/alpertuncortak/Desktop/crypto-data-pipeline/src/fetch_data.py", line 18, in fetch_crypto_data
    response = requests.get(url, params=params, timeout=10)
  File "/Users/alpertuncortak/Desktop/crypto-data-pipeline/.venv/lib/python3.13/site-packages/requests/api.py", line 73, in get
    return request("get", url, params=params, **kwargs)
  File "/Users/alpertuncortak/Desktop/crypto-data-pipeline/.venv/lib/python3.13/site-packages/requests/api.py", line 59, in request
    return session.request(method=method, url=url, **kwargs)
           ~~~~~~~~~~~~~~~^^^^^^^^^^^^^^^^^^^^^^^^^^^^^^^^^^
  File "/Users/alpertuncortak/Desktop/crypto-data-pipeline/.venv/lib/python3.13/site-packages/requests/sessions.py", line 592, in request
    resp = self.send(prep, **send_kwargs)
  File "/Users/alpertuncortak/Desktop/crypto-data-pipeline/.venv/lib/python3.13/site-packages/requests/sessions.py", line 706, in send
    r = adapter.send(request, **kwargs)
  File "/Users/alpertuncortak/Desktop/crypto-data-pipeline/.venv/lib/python3.13/site-packages/requests/adapters.py", line 678, in send
    raise ConnectionError(e, request=request)
requests.exceptions.ConnectionError: HTTPSConnectionPool(host='api.coingecko.com', port=443): Max retries exceeded with url: /api/v3/coins/markets?vs_currency=usd&order=market_cap_desc&per_page=100&page=1&sparkline=false (Caused by NameResolutionError("HTTPSConnection(host='api.coingecko.com', port=443): Failed to resolve 'api.coingecko.com' ([Errno 8] nodename nor servname provided, or not known)"))
